<?xml version="1.0" encoding="UTF-8"?>
<testsuite name="ui_tests.RegistrationTests" tests="20" skipped="0" failures="4" errors="0" timestamp="2026-07-21T19:39:38" hostname="DESKTOP-H5F872T" time="137.461">
  <properties/>
  <testcase name="registrationEmptyAllFieldsNegativeTest" classname="ui_tests.RegistrationTests" time="1.423"/>
  <testcase name="registrationEmptyFieldEmailNegativeTest" classname="ui_tests.RegistrationTests" time="3.328"/>
  <testcase name="registrationEmptyFieldPasswordNegativeTest" classname="ui_tests.RegistrationTests" time="3.177"/>
  <testcase name="registrationPositiveTest" classname="ui_tests.RegistrationTests" time="1.987"/>
  <testcase name="registrationPositiveTestWithFaker" classname="ui_tests.RegistrationTests" time="2.17"/>
  <testcase name="registrationWrongFieldEmailOrPasswordNegativeTest[0](User(username=светы123@gmail.com, password=Qwerty345!))" classname="ui_tests.RegistrationTests" time="2.789">
    <failure message="java.lang.AssertionError: expected [true] but found [false]" type="java.lang.AssertionError">java.lang.AssertionError: expected [true] but found [false]
	at org.testng.Assert.fail(Assert.java:111)
	at org.testng.Assert.failNotEquals(Assert.java:1590)
	at org.testng.Assert.assertTrue(Assert.java:57)
	at org.testng.Assert.assertTrue(Assert.java:67)
	at ui_tests.RegistrationTests.registrationWrongFieldEmailOrPasswordNegativeTest(RegistrationTests.java:85)
	at java.base/jdk.internal.reflect.DirectMethodHandleAccessor.invoke(DirectMethodHandleAccessor.java:103)
	at java.base/java.lang.reflect.Method.invoke(Method.java:580)
	at org.testng.internal.invokers.MethodInvocationHelper.invokeMethod(MethodInvocationHelper.java:141)
	at org.testng.internal.invokers.TestInvoker.invokeMethod(TestInvoker.java:687)
	at org.testng.internal.invokers.TestInvoker.invokeTestMethod(TestInvoker.java:230)
	at org.testng.internal.invokers.MethodRunner.runInSequence(MethodRunner.java:63)
	at org.testng.internal.invokers.TestInvoker$MethodInvocationAgent.invoke(TestInvoker.java:995)
	at org.testng.internal.invokers.TestInvoker.invokeTestMethods(TestInvoker.java:203)
	at org.testng.internal.invokers.TestMethodWorker.invokeTestMethods(TestMethodWorker.java:154)
	at org.testng.internal.invokers.TestMethodWorker.run(TestMethodWorker.java:134)
	at java.base/java.util.ArrayList.forEach(ArrayList.java:1596)
	at org.testng.TestRunner.privateRun(TestRunner.java:741)
	at org.testng.TestRunner.run(TestRunner.java:616)
	at org.testng.SuiteRunner.runTest(SuiteRunner.java:421)
	at org.testng.SuiteRunner.runSequentially(SuiteRunner.java:413)
	at org.testng.SuiteRunner.privateRun(SuiteRunner.java:373)
	at org.testng.SuiteRunner.run(SuiteRunner.java:312)
	at org.testng.SuiteRunnerWorker.runSuite(SuiteRunnerWorker.java:52)
	at org.testng.SuiteRunnerWorker.run(SuiteRunnerWorker.java:95)
	at org.testng.TestNG.runSuitesSequentially(TestNG.java:1274)
	at org.testng.TestNG.runSuitesLocally(TestNG.java:1208)
	at org.testng.TestNG.runSuites(TestNG.java:1112)
	at org.testng.TestNG.run(TestNG.java:1079)
	at org.gradle.api.internal.tasks.testing.testng.TestNGTestClassProcessor.runTests(TestNGTestClassProcessor.java:148)
	at org.gradle.api.internal.tasks.testing.testng.TestNGTestClassProcessor.stop(TestNGTestClassProcessor.java:95)
	at org.gradle.api.internal.tasks.testing.SuiteTestClassProcessor.stop(SuiteTestClassProcessor.java:62)
	at java.base/jdk.internal.reflect.DirectMethodHandleAccessor.invoke(DirectMethodHandleAccessor.java:103)
	at java.base/java.lang.reflect.Method.invoke(Method.java:580)
	at org.gradle.internal.dispatch.ReflectionDispatch.dispatch(ReflectionDispatch.java:36)
	at org.gradle.internal.dispatch.ReflectionDispatch.dispatch(ReflectionDispatch.java:24)
	at org.gradle.internal.dispatch.ContextClassLoaderDispatch.dispatch(ContextClassLoaderDispatch.java:33)
	at org.gradle.internal.dispatch.ProxyDispatchAdapter$DispatchingInvocationHandler.invoke(ProxyDispatchAdapter.java:94)
	at jdk.proxy1/jdk.proxy1.$Proxy2.stop(Unknown Source)
	at org.gradle.api.internal.tasks.testing.worker.TestWorker$3.run(TestWorker.java:193)
	at org.gradle.api.internal.tasks.testing.worker.TestWorker.executeAndMaintainThreadName(TestWorker.java:129)
	at org.gradle.api.internal.tasks.testing.worker.TestWorker.execute(TestWorker.java:100)
	at org.gradle.api.internal.tasks.testing.worker.TestWorker.execute(TestWorker.java:60)
	at org.gradle.process.internal.worker.child.ActionExecutionWorker.execute(ActionExecutionWorker.java:56)
	at org.gradle.process.internal.worker.child.SystemApplicationClassLoaderWorker.call(SystemApplicationClassLoaderWorker.java:113)
	at org.gradle.process.internal.worker.child.SystemApplicationClassLoaderWorker.call(SystemApplicationClassLoaderWorker.java:65)
	at worker.org.gradle.process.internal.worker.GradleWorkerMain.run(GradleWorkerMain.java:69)
	at worker.org.gradle.process.internal.worker.GradleWorkerMain.main(GradleWorkerMain.java:74)
</failure>
  </testcase>
  <testcase name="registrationWrongFieldEmailOrPasswordNegativeTest[1](User(username=sveta789@, password=Qwerty345!))" classname="ui_tests.RegistrationTests" time="2.116"/>
  <testcase name="registrationWrongFieldEmailOrPasswordNegativeTest[2](User(username=@gmail.com, password=Qwerty345!))" classname="ui_tests.RegistrationTests" time="1.837"/>
  <testcase name="registrationWrongFieldEmailOrPasswordNegativeTest[3](User(username=ngyturj123@@tyu.ty, password=Qwerty345!))" classname="ui_tests.RegistrationTests" time="1.789"/>
  <testcase name="registrationWrongFieldEmailOrPasswordNegativeTest[4](User(username=ghjyuti*345@gmail.com, password=Qwerty345!))" classname="ui_tests.RegistrationTests" time="1.647">
    <failure message="java.lang.AssertionError: expected [true] but found [false]" type="java.lang.AssertionError">java.lang.AssertionError: expected [true] but found [false]
	at org.testng.Assert.fail(Assert.java:111)
	at org.testng.Assert.failNotEquals(Assert.java:1590)
	at org.testng.Assert.assertTrue(Assert.java:57)
	at org.testng.Assert.assertTrue(Assert.java:67)
	at ui_tests.RegistrationTests.registrationWrongFieldEmailOrPasswordNegativeTest(RegistrationTests.java:85)
	at java.base/jdk.internal.reflect.DirectMethodHandleAccessor.invoke(DirectMethodHandleAccessor.java:103)
	at java.base/java.lang.reflect.Method.invoke(Method.java:580)
	at org.testng.internal.invokers.MethodInvocationHelper.invokeMethod(MethodInvocationHelper.java:141)
	at org.testng.internal.invokers.TestInvoker.invokeMethod(TestInvoker.java:687)
	at org.testng.internal.invokers.TestInvoker.invokeTestMethod(TestInvoker.java:230)
	at org.testng.internal.invokers.MethodRunner.runInSequence(MethodRunner.java:63)
	at org.testng.internal.invokers.TestInvoker$MethodInvocationAgent.invoke(TestInvoker.java:995)
	at org.testng.internal.invokers.TestInvoker.invokeTestMethods(TestInvoker.java:203)
	at org.testng.internal.invokers.TestMethodWorker.invokeTestMethods(TestMethodWorker.java:154)
	at org.testng.internal.invokers.TestMethodWorker.run(TestMethodWorker.java:134)
	at java.base/java.util.ArrayList.forEach(ArrayList.java:1596)
	at org.testng.TestRunner.privateRun(TestRunner.java:741)
	at org.testng.TestRunner.run(TestRunner.java:616)
	at org.testng.SuiteRunner.runTest(SuiteRunner.java:421)
	at org.testng.SuiteRunner.runSequentially(SuiteRunner.java:413)
	at org.testng.SuiteRunner.privateRun(SuiteRunner.java:373)
	at org.testng.SuiteRunner.run(SuiteRunner.java:312)
	at org.testng.SuiteRunnerWorker.runSuite(SuiteRunnerWorker.java:52)
	at org.testng.SuiteRunnerWorker.run(SuiteRunnerWorker.java:95)
	at org.testng.TestNG.runSuitesSequentially(TestNG.java:1274)
	at org.testng.TestNG.runSuitesLocally(TestNG.java:1208)
	at org.testng.TestNG.runSuites(TestNG.java:1112)
	at org.testng.TestNG.run(TestNG.java:1079)
	at org.gradle.api.internal.tasks.testing.testng.TestNGTestClassProcessor.runTests(TestNGTestClassProcessor.java:148)
	at org.gradle.api.internal.tasks.testing.testng.TestNGTestClassProcessor.stop(TestNGTestClassProcessor.java:95)
	at org.gradle.api.internal.tasks.testing.SuiteTestClassProcessor.stop(SuiteTestClassProcessor.java:62)
	at java.base/jdk.internal.reflect.DirectMethodHandleAccessor.invoke(DirectMethodHandleAccessor.java:103)
	at java.base/java.lang.reflect.Method.invoke(Method.java:580)
	at org.gradle.internal.dispatch.ReflectionDispatch.dispatch(ReflectionDispatch.java:36)
	at org.gradle.internal.dispatch.ReflectionDispatch.dispatch(ReflectionDispatch.java:24)
	at org.gradle.internal.dispatch.ContextClassLoaderDispatch.dispatch(ContextClassLoaderDispatch.java:33)
	at org.gradle.internal.dispatch.ProxyDispatchAdapter$DispatchingInvocationHandler.invoke(ProxyDispatchAdapter.java:94)
	at jdk.proxy1/jdk.proxy1.$Proxy2.stop(Unknown Source)
	at org.gradle.api.internal.tasks.testing.worker.TestWorker$3.run(TestWorker.java:193)
	at org.gradle.api.internal.tasks.testing.worker.TestWorker.executeAndMaintainThreadName(TestWorker.java:129)
	at org.gradle.api.internal.tasks.testing.worker.TestWorker.execute(TestWorker.java:100)
	at org.gradle.api.internal.tasks.testing.worker.TestWorker.execute(TestWorker.java:60)
	at org.gradle.process.internal.worker.child.ActionExecutionWorker.execute(ActionExecutionWorker.java:56)
	at org.gradle.process.internal.worker.child.SystemApplicationClassLoaderWorker.call(SystemApplicationClassLoaderWorker.java:113)
	at org.gradle.process.internal.worker.child.SystemApplicationClassLoaderWorker.call(SystemApplicationClassLoaderWorker.java:65)
	at worker.org.gradle.process.internal.worker.GradleWorkerMain.run(GradleWorkerMain.java:69)
	at worker.org.gradle.process.internal.worker.GradleWorkerMain.main(GradleWorkerMain.java:74)
</failure>
  </testcase>
  <testcase name="registrationWrongFieldEmailOrPasswordNegativeTest[5](User(username=sveta789@cmiok., password=Qwerty345!))" classname="ui_tests.RegistrationTests" time="2.102"/>
  <testcase name="registrationWrongFieldEmailOrPasswordNegativeTest[6](User(username=vbfgty567 @tyu.con, password=Qwerty345!))" classname="ui_tests.RegistrationTests" time="1.544"/>
  <testcase name="registrationWrongFieldEmailOrPasswordNegativeTest[7](User(username=dvcfrty564@ljio.com, password=Qwe345!))" classname="ui_tests.RegistrationTests" time="2.589"/>
  <testcase name="registrationWrongFieldEmailOrPasswordNegativeTest[8](User(username=pjkioumnj678@gmail.com, password=Qwe345000000000!))" classname="ui_tests.RegistrationTests" time="1.684">
    <failure message="java.lang.AssertionError: expected [true] but found [false]" type="java.lang.AssertionError">java.lang.AssertionError: expected [true] but found [false]
	at org.testng.Assert.fail(Assert.java:111)
	at org.testng.Assert.failNotEquals(Assert.java:1590)
	at org.testng.Assert.assertTrue(Assert.java:57)
	at org.testng.Assert.assertTrue(Assert.java:67)
	at ui_tests.RegistrationTests.registrationWrongFieldEmailOrPasswordNegativeTest(RegistrationTests.java:85)
	at java.base/jdk.internal.reflect.DirectMethodHandleAccessor.invoke(DirectMethodHandleAccessor.java:103)
	at java.base/java.lang.reflect.Method.invoke(Method.java:580)
	at org.testng.internal.invokers.MethodInvocationHelper.invokeMethod(MethodInvocationHelper.java:141)
	at org.testng.internal.invokers.TestInvoker.invokeMethod(TestInvoker.java:687)
	at org.testng.internal.invokers.TestInvoker.invokeTestMethod(TestInvoker.java:230)
	at org.testng.internal.invokers.MethodRunner.runInSequence(MethodRunner.java:63)
	at org.testng.internal.invokers.TestInvoker$MethodInvocationAgent.invoke(TestInvoker.java:995)
	at org.testng.internal.invokers.TestInvoker.invokeTestMethods(TestInvoker.java:203)
	at org.testng.internal.invokers.TestMethodWorker.invokeTestMethods(TestMethodWorker.java:154)
	at org.testng.internal.invokers.TestMethodWorker.run(TestMethodWorker.java:134)
	at java.base/java.util.ArrayList.forEach(ArrayList.java:1596)
	at org.testng.TestRunner.privateRun(TestRunner.java:741)
	at org.testng.TestRunner.run(TestRunner.java:616)
	at org.testng.SuiteRunner.runTest(SuiteRunner.java:421)
	at org.testng.SuiteRunner.runSequentially(SuiteRunner.java:413)
	at org.testng.SuiteRunner.privateRun(SuiteRunner.java:373)
	at org.testng.SuiteRunner.run(SuiteRunner.java:312)
	at org.testng.SuiteRunnerWorker.runSuite(SuiteRunnerWorker.java:52)
	at org.testng.SuiteRunnerWorker.run(SuiteRunnerWorker.java:95)
	at org.testng.TestNG.runSuitesSequentially(TestNG.java:1274)
	at org.testng.TestNG.runSuitesLocally(TestNG.java:1208)
	at org.testng.TestNG.runSuites(TestNG.java:1112)
	at org.testng.TestNG.run(TestNG.java:1079)
	at org.gradle.api.internal.tasks.testing.testng.TestNGTestClassProcessor.runTests(TestNGTestClassProcessor.java:148)
	at org.gradle.api.internal.tasks.testing.testng.TestNGTestClassProcessor.stop(TestNGTestClassProcessor.java:95)
	at org.gradle.api.internal.tasks.testing.SuiteTestClassProcessor.stop(SuiteTestClassProcessor.java:62)
	at java.base/jdk.internal.reflect.DirectMethodHandleAccessor.invoke(DirectMethodHandleAccessor.java:103)
	at java.base/java.lang.reflect.Method.invoke(Method.java:580)
	at org.gradle.internal.dispatch.ReflectionDispatch.dispatch(ReflectionDispatch.java:36)
	at org.gradle.internal.dispatch.ReflectionDispatch.dispatch(ReflectionDispatch.java:24)
	at org.gradle.internal.dispatch.ContextClassLoaderDispatch.dispatch(ContextClassLoaderDispatch.java:33)
	at org.gradle.internal.dispatch.ProxyDispatchAdapter$DispatchingInvocationHandler.invoke(ProxyDispatchAdapter.java:94)
	at jdk.proxy1/jdk.proxy1.$Proxy2.stop(Unknown Source)
	at org.gradle.api.internal.tasks.testing.worker.TestWorker$3.run(TestWorker.java:193)
	at org.gradle.api.internal.tasks.testing.worker.TestWorker.executeAndMaintainThreadName(TestWorker.java:129)
	at org.gradle.api.internal.tasks.testing.worker.TestWorker.execute(TestWorker.java:100)
	at org.gradle.api.internal.tasks.testing.worker.TestWorker.execute(TestWorker.java:60)
	at org.gradle.process.internal.worker.child.ActionExecutionWorker.execute(ActionExecutionWorker.java:56)
	at org.gradle.process.internal.worker.child.SystemApplicationClassLoaderWorker.call(SystemApplicationClassLoaderWorker.java:113)
	at org.gradle.process.internal.worker.child.SystemApplicationClassLoaderWorker.call(SystemApplicationClassLoaderWorker.java:65)
	at worker.org.gradle.process.internal.worker.GradleWorkerMain.run(GradleWorkerMain.java:69)
	at worker.org.gradle.process.internal.worker.GradleWorkerMain.main(GradleWorkerMain.java:74)
</failure>
  </testcase>
  <testcase name="registrationWrongFieldEmailOrPasswordNegativeTest[9](User(username=kjiuoh897@dfr.com, password=Qwert345))" classname="ui_tests.RegistrationTests" time="1.6"/>
  <testcase name="registrationWrongFieldEmailOrPasswordNegativeTest[10](User(username=pklioju867@ghyt.vbh, password=Ыыerty345!))" classname="ui_tests.RegistrationTests" time="3.193"/>
  <testcase name="registrationWrongFieldEmailOrPasswordNegativeTest[11](User(username=dfrgth978@cad.cbg, password=qwerty345!))" classname="ui_tests.RegistrationTests" time="2.522"/>
  <testcase name="registrationWrongFieldEmailOrPasswordNegativeTest[12](User(username=kjiuoh897@dfr.com, password=QWERTY345!))" classname="ui_tests.RegistrationTests" time="1.943"/>
  <testcase name="registrationWrongFieldEmailOrPasswordNegativeTest[13](User(username=dfrgth978@cad.cbg, password=QwertyY!))" classname="ui_tests.RegistrationTests" time="1.912"/>
  <testcase name="registrationWrongFieldEmailOrPasswordNegativeTest[14](User(username=pklioju867@ghyt.vbh, password=Qwerty 345!))" classname="ui_tests.RegistrationTests" time="1.808">
    <failure message="java.lang.AssertionError: expected [true] but found [false]" type="java.lang.AssertionError">java.lang.AssertionError: expected [true] but found [false]
	at org.testng.Assert.fail(Assert.java:111)
	at org.testng.Assert.failNotEquals(Assert.java:1590)
	at org.testng.Assert.assertTrue(Assert.java:57)
	at org.testng.Assert.assertTrue(Assert.java:67)
	at ui_tests.RegistrationTests.registrationWrongFieldEmailOrPasswordNegativeTest(RegistrationTests.java:85)
	at java.base/jdk.internal.reflect.DirectMethodHandleAccessor.invoke(DirectMethodHandleAccessor.java:103)
	at java.base/java.lang.reflect.Method.invoke(Method.java:580)
	at org.testng.internal.invokers.MethodInvocationHelper.invokeMethod(MethodInvocationHelper.java:141)
	at org.testng.internal.invokers.TestInvoker.invokeMethod(TestInvoker.java:687)
	at org.testng.internal.invokers.TestInvoker.invokeTestMethod(TestInvoker.java:230)
	at org.testng.internal.invokers.MethodRunner.runInSequence(MethodRunner.java:63)
	at org.testng.internal.invokers.TestInvoker$MethodInvocationAgent.invoke(TestInvoker.java:995)
	at org.testng.internal.invokers.TestInvoker.invokeTestMethods(TestInvoker.java:203)
	at org.testng.internal.invokers.TestMethodWorker.invokeTestMethods(TestMethodWorker.java:154)
	at org.testng.internal.invokers.TestMethodWorker.run(TestMethodWorker.java:134)
	at java.base/java.util.ArrayList.forEach(ArrayList.java:1596)
	at org.testng.TestRunner.privateRun(TestRunner.java:741)
	at org.testng.TestRunner.run(TestRunner.java:616)
	at org.testng.SuiteRunner.runTest(SuiteRunner.java:421)
	at org.testng.SuiteRunner.runSequentially(SuiteRunner.java:413)
	at org.testng.SuiteRunner.privateRun(SuiteRunner.java:373)
	at org.testng.SuiteRunner.run(SuiteRunner.java:312)
	at org.testng.SuiteRunnerWorker.runSuite(SuiteRunnerWorker.java:52)
	at org.testng.SuiteRunnerWorker.run(SuiteRunnerWorker.java:95)
	at org.testng.TestNG.runSuitesSequentially(TestNG.java:1274)
	at org.testng.TestNG.runSuitesLocally(TestNG.java:1208)
	at org.testng.TestNG.runSuites(TestNG.java:1112)
	at org.testng.TestNG.run(TestNG.java:1079)
	at org.gradle.api.internal.tasks.testing.testng.TestNGTestClassProcessor.runTests(TestNGTestClassProcessor.java:148)
	at org.gradle.api.internal.tasks.testing.testng.TestNGTestClassProcessor.stop(TestNGTestClassProcessor.java:95)
	at org.gradle.api.internal.tasks.testing.SuiteTestClassProcessor.stop(SuiteTestClassProcessor.java:62)
	at java.base/jdk.internal.reflect.DirectMethodHandleAccessor.invoke(DirectMethodHandleAccessor.java:103)
	at java.base/java.lang.reflect.Method.invoke(Method.java:580)
	at org.gradle.internal.dispatch.ReflectionDispatch.dispatch(ReflectionDispatch.java:36)
	at org.gradle.internal.dispatch.ReflectionDispatch.dispatch(ReflectionDispatch.java:24)
	at org.gradle.internal.dispatch.ContextClassLoaderDispatch.dispatch(ContextClassLoaderDispatch.java:33)
	at org.gradle.internal.dispatch.ProxyDispatchAdapter$DispatchingInvocationHandler.invoke(ProxyDispatchAdapter.java:94)
	at jdk.proxy1/jdk.proxy1.$Proxy2.stop(Unknown Source)
	at org.gradle.api.internal.tasks.testing.worker.TestWorker$3.run(TestWorker.java:193)
	at org.gradle.api.internal.tasks.testing.worker.TestWorker.executeAndMaintainThreadName(TestWorker.java:129)
	at org.gradle.api.internal.tasks.testing.worker.TestWorker.execute(TestWorker.java:100)
	at org.gradle.api.internal.tasks.testing.worker.TestWorker.execute(TestWorker.java:60)
	at org.gradle.process.internal.worker.child.ActionExecutionWorker.execute(ActionExecutionWorker.java:56)
	at org.gradle.process.internal.worker.child.SystemApplicationClassLoaderWorker.call(SystemApplicationClassLoaderWorker.java:113)
	at org.gradle.process.internal.worker.child.SystemApplicationClassLoaderWorker.call(SystemApplicationClassLoaderWorker.java:65)
	at worker.org.gradle.process.internal.worker.GradleWorkerMain.run(GradleWorkerMain.java:69)
	at worker.org.gradle.process.internal.worker.GradleWorkerMain.main(GradleWorkerMain.java:74)
</failure>
  </testcase>
  <system-out><![CDATA[21:39:37.780 [Test worker] INFO  manager.AppManager - start testing with method --> registrationEmptyAllFieldsNegativeTest
21:39:37.843 [Test worker] INFO  utils.WDListener - Before get https://telranedu.web.app/home
21:39:38.591 [Test worker] INFO  utils.WDListener - After get https://telranedu.web.app/home
21:39:38.593 [Test worker] INFO  utils.WDListener - Before Find element with locator --> By.xpath: //a[text()='LOGIN']
21:39:38.635 [Test worker] INFO  utils.WDListener - After find element with locator --> By.xpath: //a[text()='LOGIN']
21:39:38.646 [Test worker] INFO  utils.WDListener - Before click on element: a
21:39:38.828 [Test worker] INFO  utils.WDListener - After click on element: a
21:39:38.830 [Test worker] INFO  utils.TestNGListener - start test --> registrationEmptyAllFieldsNegativeTest
21:39:38.833 [Test worker] INFO  utils.WDListener - Before Find element with locator --> By.xpath: //button[text()='Registration']
21:39:38.881 [Test worker] INFO  utils.WDListener - After find element with locator --> By.xpath: //button[text()='Registration']
21:39:38.920 [Test worker] INFO  utils.WDListener - Before click on element: button
21:39:39.147 [Test worker] ERROR utils.WDListener - created exception java.lang.reflect.InvocationTargetException
21:39:39.683 [Test worker] ERROR utils.WDListener - created exception java.lang.reflect.InvocationTargetException
21:39:40.254 [Test worker] INFO  utils.TestNGListener - test success --> registrationEmptyAllFieldsNegativeTest
21:39:40.257 [Test worker] INFO  utils.WDListener - Before quit driver is --> ChromeDriver: chrome on windows (fd3e187bda2d2cee115d6ffa299430e9)
21:39:40.679 [Test worker] INFO  utils.WDListener - Browser quit
21:39:40.680 [Test worker] INFO  manager.AppManager - stop testing with method --> registrationEmptyAllFieldsNegativeTest
21:39:42.669 [Test worker] INFO  manager.AppManager - start testing with method --> registrationEmptyFieldEmailNegativeTest
21:39:42.723 [Test worker] INFO  utils.WDListener - Before get https://telranedu.web.app/home
21:39:43.557 [Test worker] INFO  utils.WDListener - After get https://telranedu.web.app/home
21:39:43.558 [Test worker] INFO  utils.WDListener - Before Find element with locator --> By.xpath: //a[text()='LOGIN']
21:39:43.620 [Test worker] INFO  utils.WDListener - After find element with locator --> By.xpath: //a[text()='LOGIN']
21:39:43.660 [Test worker] INFO  utils.WDListener - Before click on element: a
21:39:43.899 [Test worker] INFO  utils.WDListener - After click on element: a
21:39:43.902 [Test worker] INFO  utils.TestNGListener - start test --> registrationEmptyFieldEmailNegativeTest
21:39:44.980 [Test worker] INFO  utils.WDListener - Before Find element with locator --> By.xpath: //input[@name='email']
21:39:45.075 [Test worker] INFO  utils.WDListener - After find element with locator --> By.xpath: //input[@name='email']
21:39:45.247 [Test worker] INFO  utils.WDListener - Use send keys to element input type []
21:39:45.248 [Test worker] INFO  utils.WDListener - Before Find element with locator --> By.xpath: //input[@name='password']
21:39:45.284 [Test worker] INFO  utils.WDListener - After find element with locator --> By.xpath: //input[@name='password']
21:39:45.428 [Test worker] INFO  utils.WDListener - Use send keys to element input type [Qwerty143!]
21:39:45.430 [Test worker] INFO  utils.WDListener - Before Find element with locator --> By.xpath: //button[text()='Registration']
21:39:45.487 [Test worker] INFO  utils.WDListener - After find element with locator --> By.xpath: //button[text()='Registration']
21:39:45.498 [Test worker] INFO  utils.WDListener - Before click on element: button
21:39:45.638 [Test worker] ERROR utils.WDListener - created exception java.lang.reflect.InvocationTargetException
21:39:46.173 [Test worker] ERROR utils.WDListener - created exception java.lang.reflect.InvocationTargetException
21:39:46.689 [Test worker] ERROR utils.WDListener - created exception java.lang.reflect.InvocationTargetException
21:39:47.230 [Test worker] INFO  utils.TestNGListener - test success --> registrationEmptyFieldEmailNegativeTest
21:39:47.236 [Test worker] INFO  utils.WDListener - Before quit driver is --> ChromeDriver: chrome on windows (45e36c48ad8bfebef5b159b620d7650e)
21:39:47.794 [Test worker] INFO  utils.WDListener - Browser quit
21:39:47.794 [Test worker] INFO  manager.AppManager - stop testing with method --> registrationEmptyFieldEmailNegativeTest
21:39:50.018 [Test worker] INFO  manager.AppManager - start testing with method --> registrationEmptyFieldPasswordNegativeTest
21:39:50.055 [Test worker] INFO  utils.WDListener - Before get https://telranedu.web.app/home
21:39:50.322 [Test worker] INFO  utils.WDListener - After get https://telranedu.web.app/home
21:39:50.323 [Test worker] INFO  utils.WDListener - Before Find element with locator --> By.xpath: //a[text()='LOGIN']
21:39:51.044 [Test worker] INFO  utils.WDListener - After find element with locator --> By.xpath: //a[text()='LOGIN']
21:39:51.093 [Test worker] INFO  utils.WDListener - Before click on element: a
21:39:51.298 [Test worker] INFO  utils.WDListener - After click on element: a
21:39:51.300 [Test worker] INFO  utils.TestNGListener - start test --> registrationEmptyFieldPasswordNegativeTest
21:39:51.304 [Test worker] INFO  utils.WDListener - Before Find element with locator --> By.xpath: //input[@name='email']
21:39:51.335 [Test worker] INFO  utils.WDListener - After find element with locator --> By.xpath: //input[@name='email']
21:39:51.528 [Test worker] INFO  utils.WDListener - Use send keys to element input type [leland.champlin@hotmail.com]
21:39:51.528 [Test worker] INFO  utils.WDListener - Before Find element with locator --> By.xpath: //input[@name='password']
21:39:51.571 [Test worker] INFO  utils.WDListener - After find element with locator --> By.xpath: //input[@name='password']
21:39:51.637 [Test worker] INFO  utils.WDListener - Use send keys to element input type []
21:39:51.637 [Test worker] INFO  utils.WDListener - Before Find element with locator --> By.xpath: //button[text()='Registration']
21:39:51.664 [Test worker] INFO  utils.WDListener - After find element with locator --> By.xpath: //button[text()='Registration']
21:39:51.670 [Test worker] INFO  utils.WDListener - Before click on element: button
21:39:51.777 [Test worker] ERROR utils.WDListener - created exception java.lang.reflect.InvocationTargetException
21:39:52.307 [Test worker] ERROR utils.WDListener - created exception java.lang.reflect.InvocationTargetException
21:39:52.833 [Test worker] ERROR utils.WDListener - created exception java.lang.reflect.InvocationTargetException
21:39:53.348 [Test worker] ERROR utils.WDListener - created exception java.lang.reflect.InvocationTargetException
21:39:53.860 [Test worker] ERROR utils.WDListener - created exception java.lang.reflect.InvocationTargetException
21:39:54.478 [Test worker] INFO  utils.TestNGListener - test success --> registrationEmptyFieldPasswordNegativeTest
21:39:54.481 [Test worker] INFO  utils.WDListener - Before quit driver is --> ChromeDriver: chrome on windows (77249e72defdf37fc1689bfdd67d8164)
21:39:55.561 [Test worker] INFO  utils.WDListener - Browser quit
21:39:55.561 [Test worker] INFO  manager.AppManager - stop testing with method --> registrationEmptyFieldPasswordNegativeTest
21:39:58.011 [Test worker] INFO  manager.AppManager - start testing with method --> registrationPositiveTest
21:39:58.107 [Test worker] INFO  utils.WDListener - Before get https://telranedu.web.app/home
21:39:58.410 [Test worker] INFO  utils.WDListener - After get https://telranedu.web.app/home
21:39:58.412 [Test worker] INFO  utils.WDListener - Before Find element with locator --> By.xpath: //a[text()='LOGIN']
21:39:58.970 [Test worker] INFO  utils.WDListener - After find element with locator --> By.xpath: //a[text()='LOGIN']
21:39:58.993 [Test worker] INFO  utils.WDListener - Before click on element: a
21:39:59.236 [Test worker] INFO  utils.WDListener - After click on element: a
21:39:59.237 [Test worker] INFO  utils.TestNGListener - start test --> registrationPositiveTest
User(username=uioyptnh937@vbt.op, password=Atyur123!)
21:39:59.240 [Test worker] INFO  utils.WDListener - Before Find element with locator --> By.xpath: //input[@name='email']
21:39:59.303 [Test worker] INFO  utils.WDListener - After find element with locator --> By.xpath: //input[@name='email']
21:39:59.454 [Test worker] INFO  utils.WDListener - Use send keys to element input type [uioyptnh937@vbt.op]
21:39:59.454 [Test worker] INFO  utils.WDListener - Before Find element with locator --> By.xpath: //input[@name='password']
21:39:59.496 [Test worker] INFO  utils.WDListener - After find element with locator --> By.xpath: //input[@name='password']
21:39:59.583 [Test worker] INFO  utils.WDListener - Use send keys to element input type [Atyur123!]
21:39:59.584 [Test worker] INFO  utils.WDListener - Before Find element with locator --> By.xpath: //button[text()='Registration']
21:39:59.608 [Test worker] INFO  utils.WDListener - After find element with locator --> By.xpath: //button[text()='Registration']
21:39:59.616 [Test worker] INFO  utils.WDListener - Before click on element: button
21:39:59.733 [Test worker] INFO  utils.WDListener - Before Find element with locator --> By.xpath: //h1[text()=' No Contacts here!']
21:39:59.751 [Test worker] ERROR utils.WDListener - created exception java.lang.reflect.InvocationTargetException
21:39:59.751 [Test worker] INFO  utils.WDListener - Before Find element with locator --> By.xpath: //h1[text()=' No Contacts here!']
21:39:59.769 [Test worker] ERROR utils.WDListener - created exception java.lang.reflect.InvocationTargetException
21:40:00.035 [Test worker] INFO  utils.WDListener - Before Find element with locator --> By.xpath: //h1[text()=' No Contacts here!']
21:40:00.060 [Test worker] ERROR utils.WDListener - created exception java.lang.reflect.InvocationTargetException
21:40:00.324 [Test worker] INFO  utils.WDListener - Before Find element with locator --> By.xpath: //h1[text()=' No Contacts here!']
21:40:00.338 [Test worker] ERROR utils.WDListener - created exception java.lang.reflect.InvocationTargetException
21:40:00.604 [Test worker] INFO  utils.WDListener - Before Find element with locator --> By.xpath: //h1[text()=' No Contacts here!']
21:40:00.621 [Test worker] ERROR utils.WDListener - created exception java.lang.reflect.InvocationTargetException
21:40:00.877 [Test worker] INFO  utils.WDListener - Before Find element with locator --> By.xpath: //h1[text()=' No Contacts here!']
21:40:00.919 [Test worker] ERROR utils.WDListener - created exception java.lang.reflect.InvocationTargetException
21:40:01.177 [Test worker] INFO  utils.WDListener - Before Find element with locator --> By.xpath: //h1[text()=' No Contacts here!']
21:40:01.202 [Test worker] INFO  utils.WDListener - After find element with locator --> By.xpath: //h1[text()=' No Contacts here!']
21:40:01.224 [Test worker] INFO  utils.TestNGListener - test success --> registrationPositiveTest
21:40:01.224 [Test worker] INFO  utils.WDListener - Before quit driver is --> ChromeDriver: chrome on windows (527a62dcd32e8a155928ad07242bb27e)
21:40:01.602 [Test worker] INFO  utils.WDListener - Browser quit
21:40:01.602 [Test worker] INFO  manager.AppManager - stop testing with method --> registrationPositiveTest
21:40:04.121 [Test worker] INFO  manager.AppManager - start testing with method --> registrationPositiveTestWithFaker
21:40:04.149 [Test worker] INFO  utils.WDListener - Before get https://telranedu.web.app/home
21:40:04.785 [Test worker] INFO  utils.WDListener - After get https://telranedu.web.app/home
21:40:04.787 [Test worker] INFO  utils.WDListener - Before Find element with locator --> By.xpath: //a[text()='LOGIN']
21:40:04.841 [Test worker] INFO  utils.WDListener - After find element with locator --> By.xpath: //a[text()='LOGIN']
21:40:04.868 [Test worker] INFO  utils.WDListener - Before click on element: a
21:40:05.117 [Test worker] INFO  utils.WDListener - After click on element: a
21:40:05.120 [Test worker] INFO  utils.TestNGListener - start test --> registrationPositiveTestWithFaker
User(username=francisco.shanahan@yahoo.com, password=Qwerty143!)
21:40:05.138 [Test worker] INFO  utils.WDListener - Before Find element with locator --> By.xpath: //input[@name='email']
21:40:05.191 [Test worker] INFO  utils.WDListener - After find element with locator --> By.xpath: //input[@name='email']
21:40:05.468 [Test worker] INFO  utils.WDListener - Use send keys to element input type [francisco.shanahan@yahoo.com]
21:40:05.469 [Test worker] INFO  utils.WDListener - Before Find element with locator --> By.xpath: //input[@name='password']
21:40:05.507 [Test worker] INFO  utils.WDListener - After find element with locator --> By.xpath: //input[@name='password']
21:40:05.656 [Test worker] INFO  utils.WDListener - Use send keys to element input type [Qwerty143!]
21:40:05.657 [Test worker] INFO  utils.WDListener - Before Find element with locator --> By.xpath: //button[text()='Registration']
21:40:05.683 [Test worker] INFO  utils.WDListener - After find element with locator --> By.xpath: //button[text()='Registration']
21:40:05.683 [Test worker] INFO  utils.WDListener - Before click on element: button
21:40:05.809 [Test worker] INFO  utils.WDListener - Before Find element with locator --> By.xpath: //h1[text()=' No Contacts here!']
21:40:05.826 [Test worker] ERROR utils.WDListener - created exception java.lang.reflect.InvocationTargetException
21:40:05.826 [Test worker] INFO  utils.WDListener - Before Find element with locator --> By.xpath: //h1[text()=' No Contacts here!']
21:40:05.829 [Test worker] ERROR utils.WDListener - created exception java.lang.reflect.InvocationTargetException
21:40:06.097 [Test worker] INFO  utils.WDListener - Before Find element with locator --> By.xpath: //h1[text()=' No Contacts here!']
21:40:06.130 [Test worker] ERROR utils.WDListener - created exception java.lang.reflect.InvocationTargetException
21:40:06.394 [Test worker] INFO  utils.WDListener - Before Find element with locator --> By.xpath: //h1[text()=' No Contacts here!']
21:40:06.410 [Test worker] ERROR utils.WDListener - created exception java.lang.reflect.InvocationTargetException
21:40:06.675 [Test worker] INFO  utils.WDListener - Before Find element with locator --> By.xpath: //h1[text()=' No Contacts here!']
21:40:06.695 [Test worker] ERROR utils.WDListener - created exception java.lang.reflect.InvocationTargetException
21:40:06.960 [Test worker] INFO  utils.WDListener - Before Find element with locator --> By.xpath: //h1[text()=' No Contacts here!']
21:40:06.976 [Test worker] ERROR utils.WDListener - created exception java.lang.reflect.InvocationTargetException
21:40:07.239 [Test worker] INFO  utils.WDListener - Before Find element with locator --> By.xpath: //h1[text()=' No Contacts here!']
21:40:07.267 [Test worker] INFO  utils.WDListener - After find element with locator --> By.xpath: //h1[text()=' No Contacts here!']
21:40:07.290 [Test worker] INFO  utils.TestNGListener - test success --> registrationPositiveTestWithFaker
21:40:07.291 [Test worker] INFO  utils.WDListener - Before quit driver is --> ChromeDriver: chrome on windows (f554df2e6f658fb270d2632b6dca0a36)
21:40:08.314 [Test worker] INFO  utils.WDListener - Browser quit
21:40:08.314 [Test worker] INFO  manager.AppManager - stop testing with method --> registrationPositiveTestWithFaker
21:40:10.398 [Test worker] INFO  manager.AppManager - start testing with method --> registrationWrongFieldEmailOrPasswordNegativeTest
21:40:10.457 [Test worker] INFO  utils.WDListener - Before get https://telranedu.web.app/home
21:40:11.302 [Test worker] INFO  utils.WDListener - After get https://telranedu.web.app/home
21:40:11.308 [Test worker] INFO  utils.WDListener - Before Find element with locator --> By.xpath: //a[text()='LOGIN']
21:40:11.553 [Test worker] INFO  utils.WDListener - After find element with locator --> By.xpath: //a[text()='LOGIN']
21:40:11.624 [Test worker] INFO  utils.WDListener - Before click on element: a
21:40:12.241 [Test worker] INFO  utils.WDListener - After click on element: a
21:40:12.245 [Test worker] INFO  utils.TestNGListener - start test --> registrationWrongFieldEmailOrPasswordNegativeTest
21:40:12.265 [Test worker] INFO  utils.WDListener - Before Find element with locator --> By.xpath: //input[@name='email']
21:40:12.391 [Test worker] INFO  utils.WDListener - After find element with locator --> By.xpath: //input[@name='email']
21:40:12.924 [Test worker] INFO  utils.WDListener - Use send keys to element input type [светы123@gmail.com]
21:40:12.925 [Test worker] INFO  utils.WDListener - Before Find element with locator --> By.xpath: //input[@name='password']
21:40:13.016 [Test worker] INFO  utils.WDListener - After find element with locator --> By.xpath: //input[@name='password']
21:40:13.330 [Test worker] INFO  utils.WDListener - Use send keys to element input type [Qwerty345!]
21:40:13.331 [Test worker] INFO  utils.WDListener - Before Find element with locator --> By.xpath: //button[text()='Registration']
21:40:13.387 [Test worker] INFO  utils.WDListener - After find element with locator --> By.xpath: //button[text()='Registration']
21:40:13.412 [Test worker] INFO  utils.WDListener - Before click on element: button
21:40:13.691 [Test worker] ERROR utils.WDListener - created exception java.lang.reflect.InvocationTargetException
21:40:14.204 [Test worker] ERROR utils.WDListener - created exception java.lang.reflect.InvocationTargetException
21:40:15.095 [Test worker] ERROR utils.TestNGListener - Test failed --> registrationWrongFieldEmailOrPasswordNegativeTest status -->2
1784662815104
Tue Jul 21 21:40:15 CEST 2026
2026-07-21_21-40-15
21:40:15.763 [Test worker] INFO  utils.WDListener - Before quit driver is --> ChromeDriver: chrome on windows (f786f7571d28935260037540c1a9005b)
21:40:17.772 [Test worker] INFO  utils.WDListener - Browser quit
21:40:17.772 [Test worker] INFO  manager.AppManager - stop testing with method --> registrationWrongFieldEmailOrPasswordNegativeTest
21:40:20.174 [Test worker] INFO  manager.AppManager - start testing with method --> registrationWrongFieldEmailOrPasswordNegativeTest
21:40:20.203 [Test worker] INFO  utils.WDListener - Before get https://telranedu.web.app/home
21:40:20.454 [Test worker] INFO  utils.WDListener - After get https://telranedu.web.app/home
21:40:20.456 [Test worker] INFO  utils.WDListener - Before Find element with locator --> By.xpath: //a[text()='LOGIN']
21:40:21.087 [Test worker] INFO  utils.WDListener - After find element with locator --> By.xpath: //a[text()='LOGIN']
21:40:21.121 [Test worker] INFO  utils.WDListener - Before click on element: a
21:40:21.384 [Test worker] INFO  utils.WDListener - After click on element: a
21:40:21.385 [Test worker] INFO  utils.TestNGListener - start test --> registrationWrongFieldEmailOrPasswordNegativeTest
21:40:21.385 [Test worker] INFO  utils.WDListener - Before Find element with locator --> By.xpath: //input[@name='email']
21:40:21.423 [Test worker] INFO  utils.WDListener - After find element with locator --> By.xpath: //input[@name='email']
21:40:21.665 [Test worker] INFO  utils.WDListener - Use send keys to element input type [sveta789@]
21:40:21.665 [Test worker] INFO  utils.WDListener - Before Find element with locator --> By.xpath: //input[@name='password']
21:40:21.699 [Test worker] INFO  utils.WDListener - After find element with locator --> By.xpath: //input[@name='password']
21:40:21.803 [Test worker] INFO  utils.WDListener - Use send keys to element input type [Qwerty345!]
21:40:21.803 [Test worker] INFO  utils.WDListener - Before Find element with locator --> By.xpath: //button[text()='Registration']
21:40:21.841 [Test worker] INFO  utils.WDListener - After find element with locator --> By.xpath: //button[text()='Registration']
21:40:21.845 [Test worker] INFO  utils.WDListener - Before click on element: button
21:40:21.967 [Test worker] ERROR utils.WDListener - created exception java.lang.reflect.InvocationTargetException
21:40:22.493 [Test worker] ERROR utils.WDListener - created exception java.lang.reflect.InvocationTargetException
21:40:23.502 [Test worker] INFO  utils.TestNGListener - test success --> registrationWrongFieldEmailOrPasswordNegativeTest
21:40:23.504 [Test worker] INFO  utils.WDListener - Before quit driver is --> ChromeDriver: chrome on windows (1fd8d99f2e98e6286a32b3d96d03b015)
21:40:24.295 [Test worker] INFO  utils.WDListener - Browser quit
21:40:24.295 [Test worker] INFO  manager.AppManager - stop testing with method --> registrationWrongFieldEmailOrPasswordNegativeTest
21:40:27.203 [Test worker] INFO  manager.AppManager - start testing with method --> registrationWrongFieldEmailOrPasswordNegativeTest
21:40:27.280 [Test worker] INFO  utils.WDListener - Before get https://telranedu.web.app/home
21:40:28.581 [Test worker] INFO  utils.WDListener - After get https://telranedu.web.app/home
21:40:28.583 [Test worker] INFO  utils.WDListener - Before Find element with locator --> By.xpath: //a[text()='LOGIN']
21:40:28.670 [Test worker] INFO  utils.WDListener - After find element with locator --> By.xpath: //a[text()='LOGIN']
21:40:28.694 [Test worker] INFO  utils.WDListener - Before click on element: a
21:40:28.974 [Test worker] INFO  utils.WDListener - After click on element: a
21:40:28.975 [Test worker] INFO  utils.TestNGListener - start test --> registrationWrongFieldEmailOrPasswordNegativeTest
21:40:28.977 [Test worker] INFO  utils.WDListener - Before Find element with locator --> By.xpath: //input[@name='email']
21:40:29.039 [Test worker] INFO  utils.WDListener - After find element with locator --> By.xpath: //input[@name='email']
21:40:29.329 [Test worker] INFO  utils.WDListener - Use send keys to element input type [@gmail.com]
21:40:29.330 [Test worker] INFO  utils.WDListener - Before Find element with locator --> By.xpath: //input[@name='password']
21:40:29.364 [Test worker] INFO  utils.WDListener - After find element with locator --> By.xpath: //input[@name='password']
21:40:29.501 [Test worker] INFO  utils.WDListener - Use send keys to element input type [Qwerty345!]
21:40:29.502 [Test worker] INFO  utils.WDListener - Before Find element with locator --> By.xpath: //button[text()='Registration']
21:40:29.539 [Test worker] INFO  utils.WDListener - After find element with locator --> By.xpath: //button[text()='Registration']
21:40:29.542 [Test worker] INFO  utils.WDListener - Before click on element: button
21:40:29.722 [Test worker] ERROR utils.WDListener - created exception java.lang.reflect.InvocationTargetException
21:40:30.245 [Test worker] ERROR utils.WDListener - created exception java.lang.reflect.InvocationTargetException
21:40:30.812 [Test worker] INFO  utils.TestNGListener - test success --> registrationWrongFieldEmailOrPasswordNegativeTest
21:40:30.816 [Test worker] INFO  utils.WDListener - Before quit driver is --> ChromeDriver: chrome on windows (fc8b1ad9511634c497cb7c210c3866d2)
21:40:32.715 [Test worker] INFO  utils.WDListener - Browser quit
21:40:32.718 [Test worker] INFO  manager.AppManager - stop testing with method --> registrationWrongFieldEmailOrPasswordNegativeTest
21:40:36.122 [Test worker] INFO  manager.AppManager - start testing with method --> registrationWrongFieldEmailOrPasswordNegativeTest
21:40:36.167 [Test worker] INFO  utils.WDListener - Before get https://telranedu.web.app/home
21:40:36.438 [Test worker] INFO  utils.WDListener - After get https://telranedu.web.app/home
21:40:36.438 [Test worker] INFO  utils.WDListener - Before Find element with locator --> By.xpath: //a[text()='LOGIN']
21:40:37.044 [Test worker] INFO  utils.WDListener - After find element with locator --> By.xpath: //a[text()='LOGIN']
21:40:37.064 [Test worker] INFO  utils.WDListener - Before click on element: a
21:40:37.297 [Test worker] INFO  utils.WDListener - After click on element: a
21:40:37.306 [Test worker] INFO  utils.TestNGListener - start test --> registrationWrongFieldEmailOrPasswordNegativeTest
21:40:37.308 [Test worker] INFO  utils.WDListener - Before Find element with locator --> By.xpath: //input[@name='email']
21:40:37.357 [Test worker] INFO  utils.WDListener - After find element with locator --> By.xpath: //input[@name='email']
21:40:37.650 [Test worker] INFO  utils.WDListener - Use send keys to element input type [ngyturj123@@tyu.ty]
21:40:37.650 [Test worker] INFO  utils.WDListener - Before Find element with locator --> By.xpath: //input[@name='password']
21:40:37.686 [Test worker] INFO  utils.WDListener - After find element with locator --> By.xpath: //input[@name='password']
21:40:37.789 [Test worker] INFO  utils.WDListener - Use send keys to element input type [Qwerty345!]
21:40:37.789 [Test worker] INFO  utils.WDListener - Before Find element with locator --> By.xpath: //button[text()='Registration']
21:40:37.817 [Test worker] INFO  utils.WDListener - After find element with locator --> By.xpath: //button[text()='Registration']
21:40:37.826 [Test worker] INFO  utils.WDListener - Before click on element: button
21:40:37.988 [Test worker] ERROR utils.WDListener - created exception java.lang.reflect.InvocationTargetException
21:40:38.535 [Test worker] ERROR utils.WDListener - created exception java.lang.reflect.InvocationTargetException
21:40:39.096 [Test worker] INFO  utils.TestNGListener - test success --> registrationWrongFieldEmailOrPasswordNegativeTest
21:40:39.098 [Test worker] INFO  utils.WDListener - Before quit driver is --> ChromeDriver: chrome on windows (4d3804db715695419dcebf040c839fd4)
21:40:39.574 [Test worker] INFO  utils.WDListener - Browser quit
21:40:39.574 [Test worker] INFO  manager.AppManager - stop testing with method --> registrationWrongFieldEmailOrPasswordNegativeTest
21:40:41.619 [Test worker] INFO  manager.AppManager - start testing with method --> registrationWrongFieldEmailOrPasswordNegativeTest
21:40:41.650 [Test worker] INFO  utils.WDListener - Before get https://telranedu.web.app/home
21:40:41.893 [Test worker] INFO  utils.WDListener - After get https://telranedu.web.app/home
21:40:41.893 [Test worker] INFO  utils.WDListener - Before Find element with locator --> By.xpath: //a[text()='LOGIN']
21:40:42.334 [Test worker] INFO  utils.WDListener - After find element with locator --> By.xpath: //a[text()='LOGIN']
21:40:42.347 [Test worker] INFO  utils.WDListener - Before click on element: a
21:40:42.522 [Test worker] INFO  utils.WDListener - After click on element: a
21:40:42.526 [Test worker] INFO  utils.TestNGListener - start test --> registrationWrongFieldEmailOrPasswordNegativeTest
21:40:42.527 [Test worker] INFO  utils.WDListener - Before Find element with locator --> By.xpath: //input[@name='email']
21:40:42.558 [Test worker] INFO  utils.WDListener - After find element with locator --> By.xpath: //input[@name='email']
21:40:42.727 [Test worker] INFO  utils.WDListener - Use send keys to element input type [ghjyuti*345@gmail.com]
21:40:42.727 [Test worker] INFO  utils.WDListener - Before Find element with locator --> By.xpath: //input[@name='password']
21:40:42.751 [Test worker] INFO  utils.WDListener - After find element with locator --> By.xpath: //input[@name='password']
21:40:42.892 [Test worker] INFO  utils.WDListener - Use send keys to element input type [Qwerty345!]
21:40:42.892 [Test worker] INFO  utils.WDListener - Before Find element with locator --> By.xpath: //button[text()='Registration']
21:40:42.939 [Test worker] INFO  utils.WDListener - After find element with locator --> By.xpath: //button[text()='Registration']
21:40:42.959 [Test worker] INFO  utils.WDListener - Before click on element: button
21:40:43.105 [Test worker] ERROR utils.WDListener - created exception java.lang.reflect.InvocationTargetException
21:40:43.638 [Test worker] ERROR utils.WDListener - created exception java.lang.reflect.InvocationTargetException
21:40:44.174 [Test worker] ERROR utils.TestNGListener - Test failed --> registrationWrongFieldEmailOrPasswordNegativeTest status -->2
1784662844177
Tue Jul 21 21:40:44 CEST 2026
2026-07-21_21-40-44
21:40:45.024 [Test worker] INFO  utils.WDListener - Before quit driver is --> ChromeDriver: chrome on windows (378f70e69d3f6ad7ef2cbcaadb1828e3)
21:40:46.965 [Test worker] INFO  utils.WDListener - Browser quit
21:40:46.965 [Test worker] INFO  manager.AppManager - stop testing with method --> registrationWrongFieldEmailOrPasswordNegativeTest
21:40:49.211 [Test worker] INFO  manager.AppManager - start testing with method --> registrationWrongFieldEmailOrPasswordNegativeTest
21:40:49.246 [Test worker] INFO  utils.WDListener - Before get https://telranedu.web.app/home
21:40:49.884 [Test worker] INFO  utils.WDListener - After get https://telranedu.web.app/home
21:40:49.887 [Test worker] INFO  utils.WDListener - Before Find element with locator --> By.xpath: //a[text()='LOGIN']
21:40:49.924 [Test worker] INFO  utils.WDListener - After find element with locator --> By.xpath: //a[text()='LOGIN']
21:40:49.931 [Test worker] INFO  utils.WDListener - Before click on element: a
21:40:50.158 [Test worker] INFO  utils.WDListener - After click on element: a
21:40:50.158 [Test worker] INFO  utils.TestNGListener - start test --> registrationWrongFieldEmailOrPasswordNegativeTest
21:40:50.159 [Test worker] INFO  utils.WDListener - Before Find element with locator --> By.xpath: //input[@name='email']
21:40:50.197 [Test worker] INFO  utils.WDListener - After find element with locator --> By.xpath: //input[@name='email']
21:40:50.374 [Test worker] INFO  utils.WDListener - Use send keys to element input type [sveta789@cmiok.]
21:40:50.374 [Test worker] INFO  utils.WDListener - Before Find element with locator --> By.xpath: //input[@name='password']
21:40:50.404 [Test worker] INFO  utils.WDListener - After find element with locator --> By.xpath: //input[@name='password']
21:40:50.528 [Test worker] INFO  utils.WDListener - Use send keys to element input type [Qwerty345!]
21:40:50.528 [Test worker] INFO  utils.WDListener - Before Find element with locator --> By.xpath: //button[text()='Registration']
21:40:50.574 [Test worker] INFO  utils.WDListener - After find element with locator --> By.xpath: //button[text()='Registration']
21:40:50.574 [Test worker] INFO  utils.WDListener - Before click on element: button
21:40:50.683 [Test worker] ERROR utils.WDListener - created exception java.lang.reflect.InvocationTargetException
21:40:51.205 [Test worker] ERROR utils.WDListener - created exception java.lang.reflect.InvocationTargetException
21:40:51.723 [Test worker] ERROR utils.WDListener - created exception java.lang.reflect.InvocationTargetException
21:40:52.260 [Test worker] INFO  utils.TestNGListener - test success --> registrationWrongFieldEmailOrPasswordNegativeTest
21:40:52.261 [Test worker] INFO  utils.WDListener - Before quit driver is --> ChromeDriver: chrome on windows (bb2561b8fb81b33c03b833be0a95ba47)
21:40:53.224 [Test worker] INFO  utils.WDListener - Browser quit
21:40:53.224 [Test worker] INFO  manager.AppManager - stop testing with method --> registrationWrongFieldEmailOrPasswordNegativeTest
21:40:55.102 [Test worker] INFO  manager.AppManager - start testing with method --> registrationWrongFieldEmailOrPasswordNegativeTest
21:40:55.118 [Test worker] INFO  utils.WDListener - Before get https://telranedu.web.app/home
21:40:55.876 [Test worker] INFO  utils.WDListener - After get https://telranedu.web.app/home
21:40:55.877 [Test worker] INFO  utils.WDListener - Before Find element with locator --> By.xpath: //a[text()='LOGIN']
21:40:55.915 [Test worker] INFO  utils.WDListener - After find element with locator --> By.xpath: //a[text()='LOGIN']
21:40:55.924 [Test worker] INFO  utils.WDListener - Before click on element: a
21:40:56.164 [Test worker] INFO  utils.WDListener - After click on element: a
21:40:56.165 [Test worker] INFO  utils.TestNGListener - start test --> registrationWrongFieldEmailOrPasswordNegativeTest
21:40:56.166 [Test worker] INFO  utils.WDListener - Before Find element with locator --> By.xpath: //input[@name='email']
21:40:56.213 [Test worker] INFO  utils.WDListener - After find element with locator --> By.xpath: //input[@name='email']
21:40:56.374 [Test worker] INFO  utils.WDListener - Use send keys to element input type [vbfgty567 @tyu.con]
21:40:56.374 [Test worker] INFO  utils.WDListener - Before Find element with locator --> By.xpath: //input[@name='password']
21:40:56.403 [Test worker] INFO  utils.WDListener - After find element with locator --> By.xpath: //input[@name='password']
21:40:56.518 [Test worker] INFO  utils.WDListener - Use send keys to element input type [Qwerty345!]
21:40:56.518 [Test worker] INFO  utils.WDListener - Before Find element with locator --> By.xpath: //button[text()='Registration']
21:40:56.543 [Test worker] INFO  utils.WDListener - After find element with locator --> By.xpath: //button[text()='Registration']
21:40:56.551 [Test worker] INFO  utils.WDListener - Before click on element: button
21:40:56.646 [Test worker] ERROR utils.WDListener - created exception java.lang.reflect.InvocationTargetException
21:40:57.171 [Test worker] ERROR utils.WDListener - created exception java.lang.reflect.InvocationTargetException
21:40:57.709 [Test worker] INFO  utils.TestNGListener - test success --> registrationWrongFieldEmailOrPasswordNegativeTest
21:40:57.713 [Test worker] INFO  utils.WDListener - Before quit driver is --> ChromeDriver: chrome on windows (b0e398b79e1cac3b37caefbd604d0b35)
21:40:58.094 [Test worker] INFO  utils.WDListener - Browser quit
21:40:58.094 [Test worker] INFO  manager.AppManager - stop testing with method --> registrationWrongFieldEmailOrPasswordNegativeTest
21:41:00.148 [Test worker] INFO  manager.AppManager - start testing with method --> registrationWrongFieldEmailOrPasswordNegativeTest
21:41:00.219 [Test worker] INFO  utils.WDListener - Before get https://telranedu.web.app/home
21:41:00.484 [Test worker] INFO  utils.WDListener - After get https://telranedu.web.app/home
21:41:00.491 [Test worker] INFO  utils.WDListener - Before Find element with locator --> By.xpath: //a[text()='LOGIN']
21:41:01.182 [Test worker] INFO  utils.WDListener - After find element with locator --> By.xpath: //a[text()='LOGIN']
21:41:01.202 [Test worker] INFO  utils.WDListener - Before click on element: a
21:41:01.743 [Test worker] INFO  utils.WDListener - After click on element: a
21:41:01.743 [Test worker] INFO  utils.TestNGListener - start test --> registrationWrongFieldEmailOrPasswordNegativeTest
21:41:01.745 [Test worker] INFO  utils.WDListener - Before Find element with locator --> By.xpath: //input[@name='email']
21:41:01.875 [Test worker] INFO  utils.WDListener - After find element with locator --> By.xpath: //input[@name='email']
21:41:02.374 [Test worker] INFO  utils.WDListener - Use send keys to element input type [dvcfrty564@ljio.com]
21:41:02.375 [Test worker] INFO  utils.WDListener - Before Find element with locator --> By.xpath: //input[@name='password']
21:41:02.451 [Test worker] INFO  utils.WDListener - After find element with locator --> By.xpath: //input[@name='password']
21:41:02.794 [Test worker] INFO  utils.WDListener - Use send keys to element input type [Qwe345!]
21:41:02.794 [Test worker] INFO  utils.WDListener - Before Find element with locator --> By.xpath: //button[text()='Registration']
21:41:02.880 [Test worker] INFO  utils.WDListener - After find element with locator --> By.xpath: //button[text()='Registration']
21:41:02.917 [Test worker] INFO  utils.WDListener - Before click on element: button
21:41:03.209 [Test worker] ERROR utils.WDListener - created exception java.lang.reflect.InvocationTargetException
21:41:03.735 [Test worker] ERROR utils.WDListener - created exception java.lang.reflect.InvocationTargetException
21:41:04.333 [Test worker] INFO  utils.TestNGListener - test success --> registrationWrongFieldEmailOrPasswordNegativeTest
21:41:04.336 [Test worker] INFO  utils.WDListener - Before quit driver is --> ChromeDriver: chrome on windows (98ad29309e64fb9ec59dfd15e23f715d)
21:41:05.763 [Test worker] INFO  utils.WDListener - Browser quit
21:41:05.764 [Test worker] INFO  manager.AppManager - stop testing with method --> registrationWrongFieldEmailOrPasswordNegativeTest
21:41:07.797 [Test worker] INFO  manager.AppManager - start testing with method --> registrationWrongFieldEmailOrPasswordNegativeTest
21:41:07.828 [Test worker] INFO  utils.WDListener - Before get https://telranedu.web.app/home
21:41:08.663 [Test worker] INFO  utils.WDListener - After get https://telranedu.web.app/home
21:41:08.663 [Test worker] INFO  utils.WDListener - Before Find element with locator --> By.xpath: //a[text()='LOGIN']
21:41:08.706 [Test worker] INFO  utils.WDListener - After find element with locator --> By.xpath: //a[text()='LOGIN']
21:41:08.716 [Test worker] INFO  utils.WDListener - Before click on element: a
21:41:08.909 [Test worker] INFO  utils.WDListener - After click on element: a
21:41:08.911 [Test worker] INFO  utils.TestNGListener - start test --> registrationWrongFieldEmailOrPasswordNegativeTest
21:41:08.912 [Test worker] INFO  utils.WDListener - Before Find element with locator --> By.xpath: //input[@name='email']
21:41:08.956 [Test worker] INFO  utils.WDListener - After find element with locator --> By.xpath: //input[@name='email']
21:41:09.226 [Test worker] INFO  utils.WDListener - Use send keys to element input type [pjkioumnj678@gmail.com]
21:41:09.226 [Test worker] INFO  utils.WDListener - Before Find element with locator --> By.xpath: //input[@name='password']
21:41:09.256 [Test worker] INFO  utils.WDListener - After find element with locator --> By.xpath: //input[@name='password']
21:41:09.396 [Test worker] INFO  utils.WDListener - Use send keys to element input type [Qwe345000000000!]
21:41:09.396 [Test worker] INFO  utils.WDListener - Before Find element with locator --> By.xpath: //button[text()='Registration']
21:41:09.421 [Test worker] INFO  utils.WDListener - After find element with locator --> By.xpath: //button[text()='Registration']
21:41:09.421 [Test worker] INFO  utils.WDListener - Before click on element: button
21:41:09.541 [Test worker] ERROR utils.WDListener - created exception java.lang.reflect.InvocationTargetException
21:41:10.062 [Test worker] ERROR utils.WDListener - created exception java.lang.reflect.InvocationTargetException
21:41:10.596 [Test worker] ERROR utils.TestNGListener - Test failed --> registrationWrongFieldEmailOrPasswordNegativeTest status -->2
1784662870598
Tue Jul 21 21:41:10 CEST 2026
2026-07-21_21-41-10
21:41:11.127 [Test worker] INFO  utils.WDListener - Before quit driver is --> ChromeDriver: chrome on windows (b40731148307bfc8306fa3b625646c8f)
21:41:11.434 [Test worker] INFO  utils.WDListener - Browser quit
21:41:11.434 [Test worker] INFO  manager.AppManager - stop testing with method --> registrationWrongFieldEmailOrPasswordNegativeTest
21:41:13.160 [Test worker] INFO  manager.AppManager - start testing with method --> registrationWrongFieldEmailOrPasswordNegativeTest
21:41:13.206 [Test worker] INFO  utils.WDListener - Before get https://telranedu.web.app/home
21:41:13.484 [Test worker] INFO  utils.WDListener - After get https://telranedu.web.app/home
21:41:13.487 [Test worker] INFO  utils.WDListener - Before Find element with locator --> By.xpath: //a[text()='LOGIN']
21:41:13.909 [Test worker] INFO  utils.WDListener - After find element with locator --> By.xpath: //a[text()='LOGIN']
21:41:13.924 [Test worker] INFO  utils.WDListener - Before click on element: a
21:41:14.147 [Test worker] INFO  utils.WDListener - After click on element: a
21:41:14.147 [Test worker] INFO  utils.TestNGListener - start test --> registrationWrongFieldEmailOrPasswordNegativeTest
21:41:14.148 [Test worker] INFO  utils.WDListener - Before Find element with locator --> By.xpath: //input[@name='email']
21:41:14.181 [Test worker] INFO  utils.WDListener - After find element with locator --> By.xpath: //input[@name='email']
21:41:14.336 [Test worker] INFO  utils.WDListener - Use send keys to element input type [kjiuoh897@dfr.com]
21:41:14.336 [Test worker] INFO  utils.WDListener - Before Find element with locator --> By.xpath: //input[@name='password']
21:41:14.359 [Test worker] INFO  utils.WDListener - After find element with locator --> By.xpath: //input[@name='password']
21:41:14.477 [Test worker] INFO  utils.WDListener - Use send keys to element input type [Qwert345]
21:41:14.477 [Test worker] INFO  utils.WDListener - Before Find element with locator --> By.xpath: //button[text()='Registration']
21:41:14.505 [Test worker] INFO  utils.WDListener - After find element with locator --> By.xpath: //button[text()='Registration']
21:41:14.511 [Test worker] INFO  utils.WDListener - Before click on element: button
21:41:14.608 [Test worker] ERROR utils.WDListener - created exception java.lang.reflect.InvocationTargetException
21:41:15.147 [Test worker] ERROR utils.WDListener - created exception java.lang.reflect.InvocationTargetException
21:41:15.747 [Test worker] INFO  utils.TestNGListener - test success --> registrationWrongFieldEmailOrPasswordNegativeTest
21:41:15.755 [Test worker] INFO  utils.WDListener - Before quit driver is --> ChromeDriver: chrome on windows (62e5af3f9d89f08ed7cdcb76e9972573)
21:41:18.267 [Test worker] INFO  utils.WDListener - Browser quit
21:41:18.267 [Test worker] INFO  manager.AppManager - stop testing with method --> registrationWrongFieldEmailOrPasswordNegativeTest
21:41:20.719 [Test worker] INFO  manager.AppManager - start testing with method --> registrationWrongFieldEmailOrPasswordNegativeTest
21:41:20.783 [Test worker] INFO  utils.WDListener - Before get https://telranedu.web.app/home
21:41:21.676 [Test worker] INFO  utils.WDListener - After get https://telranedu.web.app/home
21:41:21.677 [Test worker] INFO  utils.WDListener - Before Find element with locator --> By.xpath: //a[text()='LOGIN']
21:41:21.726 [Test worker] INFO  utils.WDListener - After find element with locator --> By.xpath: //a[text()='LOGIN']
21:41:21.755 [Test worker] INFO  utils.WDListener - Before click on element: a
21:41:22.072 [Test worker] INFO  utils.WDListener - After click on element: a
21:41:22.076 [Test worker] INFO  utils.TestNGListener - start test --> registrationWrongFieldEmailOrPasswordNegativeTest
21:41:22.077 [Test worker] INFO  utils.WDListener - Before Find element with locator --> By.xpath: //input[@name='email']
21:41:22.165 [Test worker] INFO  utils.WDListener - After find element with locator --> By.xpath: //input[@name='email']
21:41:22.929 [Test worker] INFO  utils.WDListener - Use send keys to element input type [pklioju867@ghyt.vbh]
21:41:22.929 [Test worker] INFO  utils.WDListener - Before Find element with locator --> By.xpath: //input[@name='password']
21:41:22.965 [Test worker] INFO  utils.WDListener - After find element with locator --> By.xpath: //input[@name='password']
21:41:23.129 [Test worker] INFO  utils.WDListener - Use send keys to element input type [Ыыerty345!]
21:41:23.130 [Test worker] INFO  utils.WDListener - Before Find element with locator --> By.xpath: //button[text()='Registration']
21:41:23.184 [Test worker] INFO  utils.WDListener - After find element with locator --> By.xpath: //button[text()='Registration']
21:41:23.195 [Test worker] INFO  utils.WDListener - Before click on element: button
21:41:23.920 [Test worker] ERROR utils.WDListener - created exception java.lang.reflect.InvocationTargetException
21:41:24.465 [Test worker] ERROR utils.WDListener - created exception java.lang.reflect.InvocationTargetException
21:41:25.270 [Test worker] INFO  utils.TestNGListener - test success --> registrationWrongFieldEmailOrPasswordNegativeTest
21:41:25.277 [Test worker] INFO  utils.WDListener - Before quit driver is --> ChromeDriver: chrome on windows (a88bc4adebf19843cf4540e0678fc9fc)
21:41:25.662 [Test worker] INFO  utils.WDListener - Browser quit
21:41:25.662 [Test worker] INFO  manager.AppManager - stop testing with method --> registrationWrongFieldEmailOrPasswordNegativeTest
21:41:28.663 [Test worker] INFO  manager.AppManager - start testing with method --> registrationWrongFieldEmailOrPasswordNegativeTest
21:41:28.742 [Test worker] INFO  utils.WDListener - Before get https://telranedu.web.app/home
21:41:30.409 [Test worker] INFO  utils.WDListener - After get https://telranedu.web.app/home
21:41:30.413 [Test worker] INFO  utils.WDListener - Before Find element with locator --> By.xpath: //a[text()='LOGIN']
21:41:30.471 [Test worker] INFO  utils.WDListener - After find element with locator --> By.xpath: //a[text()='LOGIN']
21:41:30.498 [Test worker] INFO  utils.WDListener - Before click on element: a
21:41:30.735 [Test worker] INFO  utils.WDListener - After click on element: a
21:41:30.735 [Test worker] INFO  utils.TestNGListener - start test --> registrationWrongFieldEmailOrPasswordNegativeTest
21:41:30.735 [Test worker] INFO  utils.WDListener - Before Find element with locator --> By.xpath: //input[@name='email']
21:41:30.855 [Test worker] INFO  utils.WDListener - After find element with locator --> By.xpath: //input[@name='email']
21:41:31.155 [Test worker] INFO  utils.WDListener - Use send keys to element input type [dfrgth978@cad.cbg]
21:41:31.155 [Test worker] INFO  utils.WDListener - Before Find element with locator --> By.xpath: //input[@name='password']
21:41:31.214 [Test worker] INFO  utils.WDListener - After find element with locator --> By.xpath: //input[@name='password']
21:41:31.339 [Test worker] INFO  utils.WDListener - Use send keys to element input type [qwerty345!]
21:41:31.340 [Test worker] INFO  utils.WDListener - Before Find element with locator --> By.xpath: //button[text()='Registration']
21:41:31.388 [Test worker] INFO  utils.WDListener - After find element with locator --> By.xpath: //button[text()='Registration']
21:41:31.402 [Test worker] INFO  utils.WDListener - Before click on element: button
21:41:31.650 [Test worker] ERROR utils.WDListener - created exception java.lang.reflect.InvocationTargetException
21:41:32.215 [Test worker] ERROR utils.WDListener - created exception java.lang.reflect.InvocationTargetException
21:41:33.259 [Test worker] INFO  utils.TestNGListener - test success --> registrationWrongFieldEmailOrPasswordNegativeTest
21:41:33.260 [Test worker] INFO  utils.WDListener - Before quit driver is --> ChromeDriver: chrome on windows (6a336e8a7ca479901297da91ac259b39)
21:41:35.028 [Test worker] INFO  utils.WDListener - Browser quit
21:41:35.028 [Test worker] INFO  manager.AppManager - stop testing with method --> registrationWrongFieldEmailOrPasswordNegativeTest
21:41:37.263 [Test worker] INFO  manager.AppManager - start testing with method --> registrationWrongFieldEmailOrPasswordNegativeTest
21:41:37.424 [Test worker] INFO  utils.WDListener - Before get https://telranedu.web.app/home
21:41:38.326 [Test worker] INFO  utils.WDListener - After get https://telranedu.web.app/home
21:41:38.329 [Test worker] INFO  utils.WDListener - Before Find element with locator --> By.xpath: //a[text()='LOGIN']
21:41:38.384 [Test worker] INFO  utils.WDListener - After find element with locator --> By.xpath: //a[text()='LOGIN']
21:41:38.405 [Test worker] INFO  utils.WDListener - Before click on element: a
21:41:38.549 [Test worker] INFO  utils.WDListener - After click on element: a
21:41:38.558 [Test worker] INFO  utils.TestNGListener - start test --> registrationWrongFieldEmailOrPasswordNegativeTest
21:41:38.559 [Test worker] INFO  utils.WDListener - Before Find element with locator --> By.xpath: //input[@name='email']
21:41:38.609 [Test worker] INFO  utils.WDListener - After find element with locator --> By.xpath: //input[@name='email']
21:41:38.914 [Test worker] INFO  utils.WDListener - Use send keys to element input type [kjiuoh897@dfr.com]
21:41:38.915 [Test worker] INFO  utils.WDListener - Before Find element with locator --> By.xpath: //input[@name='password']
21:41:39.039 [Test worker] INFO  utils.WDListener - After find element with locator --> By.xpath: //input[@name='password']
21:41:39.169 [Test worker] INFO  utils.WDListener - Use send keys to element input type [QWERTY345!]
21:41:39.169 [Test worker] INFO  utils.WDListener - Before Find element with locator --> By.xpath: //button[text()='Registration']
21:41:39.291 [Test worker] INFO  utils.WDListener - After find element with locator --> By.xpath: //button[text()='Registration']
21:41:39.311 [Test worker] INFO  utils.WDListener - Before click on element: button
21:41:39.416 [Test worker] ERROR utils.WDListener - created exception java.lang.reflect.InvocationTargetException
21:41:39.934 [Test worker] ERROR utils.WDListener - created exception java.lang.reflect.InvocationTargetException
21:41:40.501 [Test worker] INFO  utils.TestNGListener - test success --> registrationWrongFieldEmailOrPasswordNegativeTest
21:41:40.504 [Test worker] INFO  utils.WDListener - Before quit driver is --> ChromeDriver: chrome on windows (67c810137d8299d0cf0a5ec7c4c497f1)
21:41:44.113 [Test worker] INFO  utils.WDListener - Browser quit
21:41:44.113 [Test worker] INFO  manager.AppManager - stop testing with method --> registrationWrongFieldEmailOrPasswordNegativeTest
21:41:46.496 [Test worker] INFO  manager.AppManager - start testing with method --> registrationWrongFieldEmailOrPasswordNegativeTest
21:41:46.628 [Test worker] INFO  utils.WDListener - Before get https://telranedu.web.app/home
21:41:47.870 [Test worker] INFO  utils.WDListener - After get https://telranedu.web.app/home
21:41:47.871 [Test worker] INFO  utils.WDListener - Before Find element with locator --> By.xpath: //a[text()='LOGIN']
21:41:47.953 [Test worker] INFO  utils.WDListener - After find element with locator --> By.xpath: //a[text()='LOGIN']
21:41:47.974 [Test worker] INFO  utils.WDListener - Before click on element: a
21:41:48.359 [Test worker] INFO  utils.WDListener - After click on element: a
21:41:48.361 [Test worker] INFO  utils.TestNGListener - start test --> registrationWrongFieldEmailOrPasswordNegativeTest
21:41:48.361 [Test worker] INFO  utils.WDListener - Before Find element with locator --> By.xpath: //input[@name='email']
21:41:48.422 [Test worker] INFO  utils.WDListener - After find element with locator --> By.xpath: //input[@name='email']
21:41:48.591 [Test worker] INFO  utils.WDListener - Use send keys to element input type [dfrgth978@cad.cbg]
21:41:48.592 [Test worker] INFO  utils.WDListener - Before Find element with locator --> By.xpath: //input[@name='password']
21:41:48.632 [Test worker] INFO  utils.WDListener - After find element with locator --> By.xpath: //input[@name='password']
21:41:48.772 [Test worker] INFO  utils.WDListener - Use send keys to element input type [QwertyY!]
21:41:48.773 [Test worker] INFO  utils.WDListener - Before Find element with locator --> By.xpath: //button[text()='Registration']
21:41:48.800 [Test worker] INFO  utils.WDListener - After find element with locator --> By.xpath: //button[text()='Registration']
21:41:48.826 [Test worker] INFO  utils.WDListener - Before click on element: button
21:41:48.997 [Test worker] ERROR utils.WDListener - created exception java.lang.reflect.InvocationTargetException
21:41:49.581 [Test worker] ERROR utils.WDListener - created exception java.lang.reflect.InvocationTargetException
21:41:50.274 [Test worker] INFO  utils.TestNGListener - test success --> registrationWrongFieldEmailOrPasswordNegativeTest
21:41:50.281 [Test worker] INFO  utils.WDListener - Before quit driver is --> ChromeDriver: chrome on windows (9abb2d0f82cbb94eda54c0c02c99ee3d)
21:41:51.457 [Test worker] INFO  utils.WDListener - Browser quit
21:41:51.457 [Test worker] INFO  manager.AppManager - stop testing with method --> registrationWrongFieldEmailOrPasswordNegativeTest
21:41:53.301 [Test worker] INFO  manager.AppManager - start testing with method --> registrationWrongFieldEmailOrPasswordNegativeTest
21:41:53.358 [Test worker] INFO  utils.WDListener - Before get https://telranedu.web.app/home
21:41:54.272 [Test worker] INFO  utils.WDListener - After get https://telranedu.web.app/home
21:41:54.272 [Test worker] INFO  utils.WDListener - Before Find element with locator --> By.xpath: //a[text()='LOGIN']
21:41:54.317 [Test worker] INFO  utils.WDListener - After find element with locator --> By.xpath: //a[text()='LOGIN']
21:41:54.337 [Test worker] INFO  utils.WDListener - Before click on element: a
21:41:54.482 [Test worker] INFO  utils.WDListener - After click on element: a
21:41:54.483 [Test worker] INFO  utils.TestNGListener - start test --> registrationWrongFieldEmailOrPasswordNegativeTest
21:41:54.484 [Test worker] INFO  utils.WDListener - Before Find element with locator --> By.xpath: //input[@name='email']
21:41:54.523 [Test worker] INFO  utils.WDListener - After find element with locator --> By.xpath: //input[@name='email']
21:41:54.653 [Test worker] INFO  utils.WDListener - Use send keys to element input type [pklioju867@ghyt.vbh]
21:41:54.653 [Test worker] INFO  utils.WDListener - Before Find element with locator --> By.xpath: //input[@name='password']
21:41:54.692 [Test worker] INFO  utils.WDListener - After find element with locator --> By.xpath: //input[@name='password']
21:41:54.804 [Test worker] INFO  utils.WDListener - Use send keys to element input type [Qwerty 345!]
21:41:54.806 [Test worker] INFO  utils.WDListener - Before Find element with locator --> By.xpath: //button[text()='Registration']
21:41:54.913 [Test worker] INFO  utils.WDListener - After find element with locator --> By.xpath: //button[text()='Registration']
21:41:54.929 [Test worker] INFO  utils.WDListener - Before click on element: button
21:41:55.152 [Test worker] ERROR utils.WDListener - created exception java.lang.reflect.InvocationTargetException
21:41:55.727 [Test worker] ERROR utils.WDListener - created exception java.lang.reflect.InvocationTargetException
21:41:56.294 [Test worker] ERROR utils.TestNGListener - Test failed --> registrationWrongFieldEmailOrPasswordNegativeTest status -->2
1784662916300
Tue Jul 21 21:41:56 CEST 2026
2026-07-21_21-41-56
21:41:56.849 [Test worker] INFO  utils.WDListener - Before quit driver is --> ChromeDriver: chrome on windows (fab6a8dff3008990124f29cca69a6b14)
21:41:57.509 [Test worker] INFO  utils.WDListener - Browser quit
21:41:57.509 [Test worker] INFO  manager.AppManager - stop testing with method --> registrationWrongFieldEmailOrPasswordNegativeTest
]]></system-out>
  <system-err><![CDATA[Jul 21, 2026 9:39:37 PM org.openqa.selenium.devtools.CdpVersionFinder findNearestMatch
WARNING: Unable to find CDP implementation matching 149
Jul 21, 2026 9:39:37 PM org.openqa.selenium.chromium.ChromiumDriver lambda$new$5
WARNING: Unable to find version of CDP to use for 149.0.7827.115. You may need to include a dependency on a specific version of the CDP using something similar to `org.seleniumhq.selenium:selenium-devtools-v86:4.26.0` where the version ("v86") matches the version of the chromium-based browser you're using and the version number of the artifact is the same as Selenium's.
Jul 21, 2026 9:39:39 PM org.openqa.selenium.support.events.EventFiringDecorator callListenerMethod
WARNING: null
java.lang.reflect.InvocationTargetException
	at java.base/jdk.internal.reflect.DirectMethodHandleAccessor.invoke(DirectMethodHandleAccessor.java:118)
	at java.base/java.lang.reflect.Method.invoke(Method.java:580)
	at org.openqa.selenium.support.events.EventFiringDecorator.callListenerMethod(EventFiringDecorator.java:354)
	at org.openqa.selenium.support.events.EventFiringDecorator.fireAfterEvents(EventFiringDecorator.java:269)
	at org.openqa.selenium.support.events.EventFiringDecorator.lambda$afterCall$1(EventFiringDecorator.java:195)
	at java.base/java.util.Arrays$ArrayList.forEach(Arrays.java:4305)
	at org.openqa.selenium.support.events.EventFiringDecorator.afterCall(EventFiringDecorator.java:195)
	at org.openqa.selenium.support.decorators.DefaultDecorated.afterCall(DefaultDecorated.java:53)
	at org.openqa.selenium.support.decorators.WebDriverDecorator.lambda$createProxy$2(WebDriverDecorator.java:322)
	at net.bytebuddy.renamed.java.lang.Object$ByteBuddy$RJ0wh1Ns.click(Unknown Source)
	at java.base/jdk.internal.reflect.DirectMethodHandleAccessor.invoke(DirectMethodHandleAccessor.java:103)
	at java.base/java.lang.reflect.Method.invoke(Method.java:580)
	at org.openqa.selenium.support.pagefactory.internal.LocatingElementHandler.invoke(LocatingElementHandler.java:51)
	at jdk.proxy3/jdk.proxy3.$Proxy40.click(Unknown Source)
	at pages.LoginPage.clickBtnRegistration(LoginPage.java:35)
	at ui_tests.RegistrationTests.registrationEmptyAllFieldsNegativeTest(RegistrationTests.java:55)
	at java.base/jdk.internal.reflect.DirectMethodHandleAccessor.invoke(DirectMethodHandleAccessor.java:103)
	at java.base/java.lang.reflect.Method.invoke(Method.java:580)
	at org.testng.internal.invokers.MethodInvocationHelper.invokeMethod(MethodInvocationHelper.java:141)
	at org.testng.internal.invokers.TestInvoker.invokeMethod(TestInvoker.java:687)
	at org.testng.internal.invokers.TestInvoker.invokeTestMethod(TestInvoker.java:230)
	at org.testng.internal.invokers.MethodRunner.runInSequence(MethodRunner.java:63)
	at org.testng.internal.invokers.TestInvoker$MethodInvocationAgent.invoke(TestInvoker.java:995)
	at org.testng.internal.invokers.TestInvoker.invokeTestMethods(TestInvoker.java:203)
	at org.testng.internal.invokers.TestMethodWorker.invokeTestMethods(TestMethodWorker.java:154)
	at org.testng.internal.invokers.TestMethodWorker.run(TestMethodWorker.java:134)
	at java.base/java.util.ArrayList.forEach(ArrayList.java:1596)
	at org.testng.TestRunner.privateRun(TestRunner.java:741)
	at org.testng.TestRunner.run(TestRunner.java:616)
	at org.testng.SuiteRunner.runTest(SuiteRunner.java:421)
	at org.testng.SuiteRunner.runSequentially(SuiteRunner.java:413)
	at org.testng.SuiteRunner.privateRun(SuiteRunner.java:373)
	at org.testng.SuiteRunner.run(SuiteRunner.java:312)
	at org.testng.SuiteRunnerWorker.runSuite(SuiteRunnerWorker.java:52)
	at org.testng.SuiteRunnerWorker.run(SuiteRunnerWorker.java:95)
	at org.testng.TestNG.runSuitesSequentially(TestNG.java:1274)
	at org.testng.TestNG.runSuitesLocally(TestNG.java:1208)
	at org.testng.TestNG.runSuites(TestNG.java:1112)
	at org.testng.TestNG.run(TestNG.java:1079)
	at org.gradle.api.internal.tasks.testing.testng.TestNGTestClassProcessor.runTests(TestNGTestClassProcessor.java:148)
	at org.gradle.api.internal.tasks.testing.testng.TestNGTestClassProcessor.stop(TestNGTestClassProcessor.java:95)
	at org.gradle.api.internal.tasks.testing.SuiteTestClassProcessor.stop(SuiteTestClassProcessor.java:62)
	at java.base/jdk.internal.reflect.DirectMethodHandleAccessor.invoke(DirectMethodHandleAccessor.java:103)
	at java.base/java.lang.reflect.Method.invoke(Method.java:580)
	at org.gradle.internal.dispatch.ReflectionDispatch.dispatch(ReflectionDispatch.java:36)
	at org.gradle.internal.dispatch.ReflectionDispatch.dispatch(ReflectionDispatch.java:24)
	at org.gradle.internal.dispatch.ContextClassLoaderDispatch.dispatch(ContextClassLoaderDispatch.java:33)
	at org.gradle.internal.dispatch.ProxyDispatchAdapter$DispatchingInvocationHandler.invoke(ProxyDispatchAdapter.java:94)
	at jdk.proxy1/jdk.proxy1.$Proxy2.stop(Unknown Source)
	at org.gradle.api.internal.tasks.testing.worker.TestWorker$3.run(TestWorker.java:193)
	at org.gradle.api.internal.tasks.testing.worker.TestWorker.executeAndMaintainThreadName(TestWorker.java:129)
	at org.gradle.api.internal.tasks.testing.worker.TestWorker.execute(TestWorker.java:100)
	at org.gradle.api.internal.tasks.testing.worker.TestWorker.execute(TestWorker.java:60)
	at org.gradle.process.internal.worker.child.ActionExecutionWorker.execute(ActionExecutionWorker.java:56)
	at org.gradle.process.internal.worker.child.SystemApplicationClassLoaderWorker.call(SystemApplicationClassLoaderWorker.java:113)
	at org.gradle.process.internal.worker.child.SystemApplicationClassLoaderWorker.call(SystemApplicationClassLoaderWorker.java:65)
	at worker.org.gradle.process.internal.worker.GradleWorkerMain.run(GradleWorkerMain.java:69)
	at worker.org.gradle.process.internal.worker.GradleWorkerMain.main(GradleWorkerMain.java:74)
[...]
Build info: version: '4.26.0', revision: '8ccf0219d7'
System info: os.name: 'Windows 11', os.arch: 'amd64', os.version: '10.0', java.version: '21.0.11'
Driver info: org.openqa.selenium.chrome.ChromeDriver
Command: [67c810137d8299d0cf0a5ec7c4c497f1, getElementTagName {id=f.BEFD76CCFF499CAEE5911786D0170480.d.3A67AF90415636CC52F1448FC5305575.e.12}]
Capabilities {acceptInsecureCerts: false, browserName: chrome, browserVersion: 149.0.7827.115, chrome: {chromedriverVersion: 149.0.7827.115 (daf70f9ddee..., userDataDir: C:\Users\ME\AppData\Local\T...}, fedcm:accounts: true, goog:chromeOptions: {debuggerAddress: localhost:62593}, goog:processID: 5856, networkConnectionEnabled: false, pageLoadStrategy: normal, platformName: windows, proxy: Proxy(), se:cdp: ws://localhost:62593/devtoo..., se:cdpVersion: 149.0.7827.115, setWindowRect: true, strictFileInteractability: false, timeouts: {implicit: 0, pageLoad: 300000, script: 30000}, unhandledPromptBehavior: dismiss and notify, webauthn:extension:credBlob: true, webauthn:extension:largeBlob: true, webauthn:extension:minPinLength: true, webauthn:extension:prf: true, webauthn:virtualAuthenticators: true}
Element: [[ChromeDriver: chrome on windows (67c810137d8299d0cf0a5ec7c4c497f1)] -> xpath: //button[text()='Registration']]
Session ID: 67c810137d8299d0cf0a5ec7c4c497f1
	at java.base/jdk.internal.reflect.DirectConstructorHandleAccessor.newInstance(DirectConstructorHandleAccessor.java:62)
	at java.base/java.lang.reflect.Constructor.newInstanceWithCaller(Constructor.java:502)
	at java.base/java.lang.reflect.Constructor.newInstance(Constructor.java:486)
	at org.openqa.selenium.remote.ErrorCodec.decode(ErrorCodec.java:167)
	at org.openqa.selenium.remote.codec.w3c.W3CHttpResponseCodec.decode(W3CHttpResponseCodec.java:138)
	at org.openqa.selenium.remote.codec.w3c.W3CHttpResponseCodec.decode(W3CHttpResponseCodec.java:50)
	at org.openqa.selenium.remote.HttpCommandExecutor.execute(HttpCommandExecutor.java:190)
	at org.openqa.selenium.remote.service.DriverCommandExecutor.invokeExecute(DriverCommandExecutor.java:216)
	at org.openqa.selenium.remote.service.DriverCommandExecutor.execute(DriverCommandExecutor.java:174)
	at org.openqa.selenium.remote.RemoteWebDriver.execute(RemoteWebDriver.java:545)
	at org.openqa.selenium.remote.RemoteWebElement.execute(RemoteWebElement.java:223)
	at org.openqa.selenium.remote.RemoteWebElement.getTagName(RemoteWebElement.java:134)
	at utils.WDListener.afterClick(WDListener.java:73)
	at java.base/jdk.internal.reflect.DirectMethodHandleAccessor.invoke(DirectMethodHandleAccessor.java:103)
	... 57 more

Jul 21, 2026 9:41:46 PM org.openqa.selenium.devtools.CdpVersionFinder findNearestMatch
WARNING: Unable to find CDP implementation matching 149
Jul 21, 2026 9:41:46 PM org.openqa.selenium.chromium.ChromiumDriver lambda$new$5
WARNING: Unable to find version of CDP to use for 149.0.7827.115. You may need to include a dependency on a specific version of the CDP using something similar to `org.seleniumhq.selenium:selenium-devtools-v86:4.26.0` where the version ("v86") matches the version of the chromium-based browser you're using and the version number of the artifact is the same as Selenium's.
Jul 21, 2026 9:41:48 PM org.openqa.selenium.support.events.EventFiringDecorator callListenerMethod
WARNING: null
java.lang.reflect.InvocationTargetException
	at java.base/jdk.internal.reflect.DirectMethodHandleAccessor.invoke(DirectMethodHandleAccessor.java:118)
	at java.base/java.lang.reflect.Method.invoke(Method.java:580)
	at org.openqa.selenium.support.events.EventFiringDecorator.callListenerMethod(EventFiringDecorator.java:354)
	at org.openqa.selenium.support.events.EventFiringDecorator.fireAfterEvents(EventFiringDecorator.java:269)
	at org.openqa.selenium.support.events.EventFiringDecorator.lambda$afterCall$1(EventFiringDecorator.java:195)
	at java.base/java.util.Arrays$ArrayList.forEach(Arrays.java:4305)
	at org.openqa.selenium.support.events.EventFiringDecorator.afterCall(EventFiringDecorator.java:195)
	at org.openqa.selenium.support.decorators.DefaultDecorated.afterCall(DefaultDecorated.java:53)
	at org.openqa.selenium.support.decorators.WebDriverDecorator.lambda$createProxy$2(WebDriverDecorator.java:322)
	at net.bytebuddy.renamed.java.lang.Object$ByteBuddy$USRrL2c7.click(Unknown Source)
	at java.base/jdk.internal.reflect.DirectMethodHandleAccessor.invoke(DirectMethodHandleAccessor.java:103)
	at java.base/java.lang.reflect.Method.invoke(Method.java:580)
	at org.openqa.selenium.support.pagefactory.internal.LocatingElementHandler.invoke(LocatingElementHandler.java:51)
	at jdk.proxy3/jdk.proxy3.$Proxy40.click(Unknown Source)
	at pages.LoginPage.clickBtnRegistration(LoginPage.java:35)
	at ui_tests.RegistrationTests.registrationWrongFieldEmailOrPasswordNegativeTest(RegistrationTests.java:84)
	at java.base/jdk.internal.reflect.DirectMethodHandleAccessor.invoke(DirectMethodHandleAccessor.java:103)
	at java.base/java.lang.reflect.Method.invoke(Method.java:580)
	at org.testng.internal.invokers.MethodInvocationHelper.invokeMethod(MethodInvocationHelper.java:141)
	at org.testng.internal.invokers.TestInvoker.invokeMethod(TestInvoker.java:687)
	at org.testng.internal.invokers.TestInvoker.invokeTestMethod(TestInvoker.java:230)
	at org.testng.internal.invokers.MethodRunner.runInSequence(MethodRunner.java:63)
	at org.testng.internal.invokers.TestInvoker$MethodInvocationAgent.invoke(TestInvoker.java:995)
	at org.testng.internal.invokers.TestInvoker.invokeTestMethods(TestInvoker.java:203)
	at org.testng.internal.invokers.TestMethodWorker.invokeTestMethods(TestMethodWorker.java:154)
	at org.testng.internal.invokers.TestMethodWorker.run(TestMethodWorker.java:134)
	at java.base/java.util.ArrayList.forEach(ArrayList.java:1596)
	at org.testng.TestRunner.privateRun(TestRunner.java:741)
	at org.testng.TestRunner.run(TestRunner.java:616)
	at org.testng.SuiteRunner.runTest(SuiteRunner.java:421)
	at org.testng.SuiteRunner.runSequentially(SuiteRunner.java:413)
	at org.testng.SuiteRunner.privateRun(SuiteRunner.java:373)
	at org.testng.SuiteRunner.run(SuiteRunner.java:312)
	at org.testng.SuiteRunnerWorker.runSuite(SuiteRunnerWorker.java:52)
	at org.testng.SuiteRunnerWorker.run(SuiteRunnerWorker.java:95)
	at org.testng.TestNG.runSuitesSequentially(TestNG.java:1274)
	at org.testng.TestNG.runSuitesLocally(TestNG.java:1208)
	at org.testng.TestNG.runSuites(TestNG.java:1112)
	at org.testng.TestNG.run(TestNG.java:1079)
	at org.gradle.api.internal.tasks.testing.testng.TestNGTestClassProcessor.runTests(TestNGTestClassProcessor.java:148)
	at org.gradle.api.internal.tasks.testing.testng.TestNGTestClassProcessor.stop(TestNGTestClassProcessor.java:95)
	at org.gradle.api.internal.tasks.testing.SuiteTestClassProcessor.stop(SuiteTestClassProcessor.java:62)
	at java.base/jdk.internal.reflect.DirectMethodHandleAccessor.invoke(DirectMethodHandleAccessor.java:103)
	at java.base/java.lang.reflect.Method.invoke(Method.java:580)
	at org.gradle.internal.dispatch.ReflectionDispatch.dispatch(ReflectionDispatch.java:36)
	at org.gradle.internal.dispatch.ReflectionDispatch.dispatch(ReflectionDispatch.java:24)
	at org.gradle.internal.dispatch.ContextClassLoaderDispatch.dispatch(ContextClassLoaderDispatch.java:33)
	at org.gradle.internal.dispatch.ProxyDispatchAdapter$DispatchingInvocationHandler.invoke(ProxyDispatchAdapter.java:94)
	at jdk.proxy1/jdk.proxy1.$Proxy2.stop(Unknown Source)
	at org.gradle.api.internal.tasks.testing.worker.TestWorker$3.run(TestWorker.java:193)
	at org.gradle.api.internal.tasks.testing.worker.TestWorker.executeAndMaintainThreadName(TestWorker.java:129)
	at org.gradle.api.internal.tasks.testing.worker.TestWorker.execute(TestWorker.java:100)
	at org.gradle.api.internal.tasks.testing.worker.TestWorker.execute(TestWorker.java:60)
	at org.gradle.process.internal.worker.child.ActionExecutionWorker.execute(ActionExecutionWorker.java:56)
	at org.gradle.process.internal.worker.child.SystemApplicationClassLoaderWorker.call(SystemApplicationClassLoaderWorker.java:113)
	at org.gradle.process.internal.worker.child.SystemApplicationClassLoaderWorker.call(SystemApplicationClassLoaderWorker.java:65)
	at worker.org.gradle.process.internal.worker.GradleWorkerMain.run(GradleWorkerMain.java:69)
	at worker.org.gradle.process.internal.worker.GradleWorkerMain.main(GradleWorkerMain.java:74)
Caused by: org.openqa.selenium.StaleElementReferenceException: stale element reference: stale element not found in the current frame
  (Session info: chrome=149.0.7827.115)
For documentation on this error, please visit: https://www.selenium.dev/documentation/webdriver/troubleshooting/errors#stale-element-reference-exception
Build info: version: '4.26.0', revision: '8ccf0219d7'
System info: os.name: 'Windows 11', os.arch: 'amd64', os.version: '10.0', java.version: '21.0.11'
Driver info: org.openqa.selenium.chrome.ChromeDriver
Command: [9abb2d0f82cbb94eda54c0c02c99ee3d, getElementTagName {id=f.DF85202CB84756C234F3FFAD77D1FEB9.d.1DF29EF084217893B2FB62BA45528A1A.e.12}]
Capabilities {acceptInsecureCerts: false, browserName: chrome, browserVersion: 149.0.7827.115, chrome: {chromedriverVersion: 149.0.7827.115 (daf70f9ddee..., userDataDir: C:\Users\ME\AppData\Local\T...}, fedcm:accounts: true, goog:chromeOptions: {debuggerAddress: localhost:63241}, goog:processID: 30340, networkConnectionEnabled: false, pageLoadStrategy: normal, platformName: windows, proxy: Proxy(), se:cdp: ws://localhost:63241/devtoo..., se:cdpVersion: 149.0.7827.115, setWindowRect: true, strictFileInteractability: false, timeouts: {implicit: 0, pageLoad: 300000, script: 30000}, unhandledPromptBehavior: dismiss and notify, webauthn:extension:credBlob: true, webauthn:extension:largeBlob: true, webauthn:extension:minPinLength: true, webauthn:extension:prf: true, webauthn:virtualAuthenticators: true}
Element: [[ChromeDriver: chrome on windows (9abb2d0f82cbb94eda54c0c02c99ee3d)] -> xpath: //button[text()='Registration']]
Session ID: 9abb2d0f82cbb94eda54c0c02c99ee3d
	at java.base/jdk.internal.reflect.DirectConstructorHandleAccessor.newInstance(DirectConstructorHandleAccessor.java:62)
	at java.base/java.lang.reflect.Constructor.newInstanceWithCaller(Constructor.java:502)
	at java.base/java.lang.reflect.Constructor.newInstance(Constructor.java:486)
	at org.openqa.selenium.remote.ErrorCodec.decode(ErrorCodec.java:167)
	at org.openqa.selenium.remote.codec.w3c.W3CHttpResponseCodec.decode(W3CHttpResponseCodec.java:138)
	at org.openqa.selenium.remote.codec.w3c.W3CHttpResponseCodec.decode(W3CHttpResponseCodec.java:50)
	at org.openqa.selenium.remote.HttpCommandExecutor.execute(HttpCommandExecutor.java:190)
	at org.openqa.selenium.remote.service.DriverCommandExecutor.invokeExecute(DriverCommandExecutor.java:216)
	at org.openqa.selenium.remote.service.DriverCommandExecutor.execute(DriverCommandExecutor.java:174)
	at org.openqa.selenium.remote.RemoteWebDriver.execute(RemoteWebDriver.java:545)
	at org.openqa.selenium.remote.RemoteWebElement.execute(RemoteWebElement.java:223)
	at org.openqa.selenium.remote.RemoteWebElement.getTagName(RemoteWebElement.java:134)
	at utils.WDListener.afterClick(WDListener.java:73)
	at java.base/jdk.internal.reflect.DirectMethodHandleAccessor.invoke(DirectMethodHandleAccessor.java:103)
	... 57 more

Jul 21, 2026 9:41:53 PM org.openqa.selenium.devtools.CdpVersionFinder findNearestMatch
WARNING: Unable to find CDP implementation matching 149
Jul 21, 2026 9:41:53 PM org.openqa.selenium.chromium.ChromiumDriver lambda$new$5
WARNING: Unable to find version of CDP to use for 149.0.7827.115. You may need to include a dependency on a specific version of the CDP using something similar to `org.seleniumhq.selenium:selenium-devtools-v86:4.26.0` where the version ("v86") matches the version of the chromium-based browser you're using and the version number of the artifact is the same as Selenium's.
Jul 21, 2026 9:41:55 PM org.openqa.selenium.support.events.EventFiringDecorator callListenerMethod
WARNING: null
java.lang.reflect.InvocationTargetException
	at java.base/jdk.internal.reflect.DirectMethodHandleAccessor.invoke(DirectMethodHandleAccessor.java:118)
	at java.base/java.lang.reflect.Method.invoke(Method.java:580)
	at org.openqa.selenium.support.events.EventFiringDecorator.callListenerMethod(EventFiringDecorator.java:354)
	at org.openqa.selenium.support.events.EventFiringDecorator.fireAfterEvents(EventFiringDecorator.java:269)
	at org.openqa.selenium.support.events.EventFiringDecorator.lambda$afterCall$1(EventFiringDecorator.java:195)
	at java.base/java.util.Arrays$ArrayList.forEach(Arrays.java:4305)
	at org.openqa.selenium.support.events.EventFiringDecorator.afterCall(EventFiringDecorator.java:195)
	at org.openqa.selenium.support.decorators.DefaultDecorated.afterCall(DefaultDecorated.java:53)
	at org.openqa.selenium.support.decorators.WebDriverDecorator.lambda$createProxy$2(WebDriverDecorator.java:322)
	at net.bytebuddy.renamed.java.lang.Object$ByteBuddy$hhXfXOyE.click(Unknown Source)
	at java.base/jdk.internal.reflect.DirectMethodHandleAccessor.invoke(DirectMethodHandleAccessor.java:103)
	at java.base/java.lang.reflect.Method.invoke(Method.java:580)
	at org.openqa.selenium.support.pagefactory.internal.LocatingElementHandler.invoke(LocatingElementHandler.java:51)
	at jdk.proxy3/jdk.proxy3.$Proxy40.click(Unknown Source)
	at pages.LoginPage.clickBtnRegistration(LoginPage.java:35)
	at ui_tests.RegistrationTests.registrationWrongFieldEmailOrPasswordNegativeTest(RegistrationTests.java:84)
	at java.base/jdk.internal.reflect.DirectMethodHandleAccessor.invoke(DirectMethodHandleAccessor.java:103)
	at java.base/java.lang.reflect.Method.invoke(Method.java:580)
	at org.testng.internal.invokers.MethodInvocationHelper.invokeMethod(MethodInvocationHelper.java:141)
	at org.testng.internal.invokers.TestInvoker.invokeMethod(TestInvoker.java:687)
	at org.testng.internal.invokers.TestInvoker.invokeTestMethod(TestInvoker.java:230)
	at org.testng.internal.invokers.MethodRunner.runInSequence(MethodRunner.java:63)
	at org.testng.internal.invokers.TestInvoker$MethodInvocationAgent.invoke(TestInvoker.java:995)
	at org.testng.internal.invokers.TestInvoker.invokeTestMethods(TestInvoker.java:203)
	at org.testng.internal.invokers.TestMethodWorker.invokeTestMethods(TestMethodWorker.java:154)
	at org.testng.internal.invokers.TestMethodWorker.run(TestMethodWorker.java:134)
	at java.base/java.util.ArrayList.forEach(ArrayList.java:1596)
	at org.testng.TestRunner.privateRun(TestRunner.java:741)
	at org.testng.TestRunner.run(TestRunner.java:616)
	at org.testng.SuiteRunner.runTest(SuiteRunner.java:421)
	at org.testng.SuiteRunner.runSequentially(SuiteRunner.java:413)
	at org.testng.SuiteRunner.privateRun(SuiteRunner.java:373)
	at org.testng.SuiteRunner.run(SuiteRunner.java:312)
	at org.testng.SuiteRunnerWorker.runSuite(SuiteRunnerWorker.java:52)
	at org.testng.SuiteRunnerWorker.run(SuiteRunnerWorker.java:95)
	at org.testng.TestNG.runSuitesSequentially(TestNG.java:1274)
	at org.testng.TestNG.runSuitesLocally(TestNG.java:1208)
	at org.testng.TestNG.runSuites(TestNG.java:1112)
	at org.testng.TestNG.run(TestNG.java:1079)
	at org.gradle.api.internal.tasks.testing.testng.TestNGTestClassProcessor.runTests(TestNGTestClassProcessor.java:148)
	at org.gradle.api.internal.tasks.testing.testng.TestNGTestClassProcessor.stop(TestNGTestClassProcessor.java:95)
	at org.gradle.api.internal.tasks.testing.SuiteTestClassProcessor.stop(SuiteTestClassProcessor.java:62)
	at java.base/jdk.internal.reflect.DirectMethodHandleAccessor.invoke(DirectMethodHandleAccessor.java:103)
	at java.base/java.lang.reflect.Method.invoke(Method.java:580)
	at org.gradle.internal.dispatch.ReflectionDispatch.dispatch(ReflectionDispatch.java:36)
	at org.gradle.internal.dispatch.ReflectionDispatch.dispatch(ReflectionDispatch.java:24)
	at org.gradle.internal.dispatch.ContextClassLoaderDispatch.dispatch(ContextClassLoaderDispatch.java:33)
	at org.gradle.internal.dispatch.ProxyDispatchAdapter$DispatchingInvocationHandler.invoke(ProxyDispatchAdapter.java:94)
	at jdk.proxy1/jdk.proxy1.$Proxy2.stop(Unknown Source)
	at org.gradle.api.internal.tasks.testing.worker.TestWorker$3.run(TestWorker.java:193)
	at org.gradle.api.internal.tasks.testing.worker.TestWorker.executeAndMaintainThreadName(TestWorker.java:129)
	at org.gradle.api.internal.tasks.testing.worker.TestWorker.execute(TestWorker.java:100)
	at org.gradle.api.internal.tasks.testing.worker.TestWorker.execute(TestWorker.java:60)
	at org.gradle.process.internal.worker.child.ActionExecutionWorker.execute(ActionExecutionWorker.java:56)
	at org.gradle.process.internal.worker.child.SystemApplicationClassLoaderWorker.call(SystemApplicationClassLoaderWorker.java:113)
	at org.gradle.process.internal.worker.child.SystemApplicationClassLoaderWorker.call(SystemApplicationClassLoaderWorker.java:65)
	at worker.org.gradle.process.internal.worker.GradleWorkerMain.run(GradleWorkerMain.java:69)
	at worker.org.gradle.process.internal.worker.GradleWorkerMain.main(GradleWorkerMain.java:74)
Caused by: org.openqa.selenium.StaleElementReferenceException: stale element reference: stale element not found in the current frame
  (Session info: chrome=149.0.7827.115)
For documentation on this error, please visit: https://www.selenium.dev/documentation/webdriver/troubleshooting/errors#stale-element-reference-exception
Build info: version: '4.26.0', revision: '8ccf0219d7'
System info: os.name: 'Windows 11', os.arch: 'amd64', os.version: '10.0', java.version: '21.0.11'
Driver info: org.openqa.selenium.chrome.ChromeDriver
Command: [fab6a8dff3008990124f29cca69a6b14, getElementTagName {id=f.5D7E1150A3B53AD69ACA034E0FE76ABC.d.9E361D99EB2921B3CD0C7AC7FDFB56E5.e.12}]
Capabilities {acceptInsecureCerts: false, browserName: chrome, browserVersion: 149.0.7827.115, chrome: {chromedriverVersion: 149.0.7827.115 (daf70f9ddee..., userDataDir: C:\Users\ME\AppData\Local\T...}, fedcm:accounts: true, goog:chromeOptions: {debuggerAddress: localhost:60675}, goog:processID: 26900, networkConnectionEnabled: false, pageLoadStrategy: normal, platformName: windows, proxy: Proxy(), se:cdp: ws://localhost:60675/devtoo..., se:cdpVersion: 149.0.7827.115, setWindowRect: true, strictFileInteractability: false, timeouts: {implicit: 0, pageLoad: 300000, script: 30000}, unhandledPromptBehavior: dismiss and notify, webauthn:extension:credBlob: true, webauthn:extension:largeBlob: true, webauthn:extension:minPinLength: true, webauthn:extension:prf: true, webauthn:virtualAuthenticators: true}
Element: [[ChromeDriver: chrome on windows (fab6a8dff3008990124f29cca69a6b14)] -> xpath: //button[text()='Registration']]
Session ID: fab6a8dff3008990124f29cca69a6b14
	at java.base/jdk.internal.reflect.DirectConstructorHandleAccessor.newInstance(DirectConstructorHandleAccessor.java:62)
	at java.base/java.lang.reflect.Constructor.newInstanceWithCaller(Constructor.java:502)
	at java.base/java.lang.reflect.Constructor.newInstance(Constructor.java:486)
	at org.openqa.selenium.remote.ErrorCodec.decode(ErrorCodec.java:167)
	at org.openqa.selenium.remote.codec.w3c.W3CHttpResponseCodec.decode(W3CHttpResponseCodec.java:138)
	at org.openqa.selenium.remote.codec.w3c.W3CHttpResponseCodec.decode(W3CHttpResponseCodec.java:50)
	at org.openqa.selenium.remote.HttpCommandExecutor.execute(HttpCommandExecutor.java:190)
	at org.openqa.selenium.remote.service.DriverCommandExecutor.invokeExecute(DriverCommandExecutor.java:216)
	at org.openqa.selenium.remote.service.DriverCommandExecutor.execute(DriverCommandExecutor.java:174)
	at org.openqa.selenium.remote.RemoteWebDriver.execute(RemoteWebDriver.java:545)
	at org.openqa.selenium.remote.RemoteWebElement.execute(RemoteWebElement.java:223)
	at org.openqa.selenium.remote.RemoteWebElement.getTagName(RemoteWebElement.java:134)
	at utils.WDListener.afterClick(WDListener.java:73)
	at java.base/jdk.internal.reflect.DirectMethodHandleAccessor.invoke(DirectMethodHandleAccessor.java:103)
	... 57 more

]]></system-err>
</testsuite>
